<?xml version="1.0" encoding="UTF-8"?>
<testsuite name="webAppProject.webAppProjectTests" tests="0" skipped="0" failures="0" errors="0" timestamp="1970-01-01T00:00:00" hostname="spc43" time="0.0">
  <properties/>
  <system-out><![CDATA[Feature: Assess change request
  In order to either approve or reject change requests
  As a project manager
  I want to revise change requests
15:57:34.743 [Test worker] DEBUG o.s.t.w.s.TestDispatcherServlet - DispatcherServlet with name '' processing POST request for [/evalRequest]
15:57:34.745 [Test worker] DEBUG o.s.w.s.m.m.a.RequestMappingHandlerMapping - Looking up handler method for path /evalRequest
15:57:34.747 [Test worker] DEBUG o.s.w.s.m.m.a.RequestMappingHandlerMapping - Returning handler method [public java.lang.String webAppProject.controller.RequestController.evaluateRequest(java.lang.String,java.lang.String,java.lang.String,java.lang.String,java.lang.String,java.lang.String)]
15:57:34.747 [Test worker] DEBUG o.s.b.f.s.DefaultListableBeanFactory - Returning cached instance of singleton bean 'requestController'
15:57:34.748 [Test worker] DEBUG o.s.o.j.s.OpenEntityManagerInViewInterceptor - Opening JPA EntityManager in OpenEntityManagerInViewInterceptor
15:57:34.760 [Test worker] DEBUG o.h.jpa.criteria.CriteriaQueryImpl - Rendered criteria query -> select generatedAlias0 from Request as generatedAlias0 where generatedAlias0.problem=:param0
15:57:34.760 [Test worker] DEBUG o.h.h.i.ast.QueryTranslatorImpl - parse() - HQL: select generatedAlias0 from webAppProject.domain.Request as generatedAlias0 where generatedAlias0.problem=:param0
15:57:34.762 [Test worker] DEBUG o.h.h.i.ast.QueryTranslatorImpl - --- HQL AST ---
 \-[QUERY] Node: 'query'
    +-[SELECT_FROM] Node: 'SELECT_FROM'
    |  +-[FROM] Node: 'from'
    |  |  \-[RANGE] Node: 'RANGE'
    |  |     +-[DOT] Node: '.'
    |  |     |  +-[DOT] Node: '.'
    |  |     |  |  +-[IDENT] Node: 'webAppProject'
    |  |     |  |  \-[IDENT] Node: 'domain'
    |  |     |  \-[IDENT] Node: 'Request'
    |  |     \-[ALIAS] Node: 'generatedAlias0'
    |  \-[SELECT] Node: 'select'
    |     \-[IDENT] Node: 'generatedAlias0'
    \-[WHERE] Node: 'where'
       \-[EQ] Node: '='
          +-[DOT] Node: '.'
          |  +-[IDENT] Node: 'generatedAlias0'
          |  \-[IDENT] Node: 'problem'
          \-[COLON] Node: ':'
             \-[IDENT] Node: 'param0'

15:57:34.762 [Test worker] DEBUG o.h.hql.internal.ast.ErrorCounter - throwQueryException() : no errors
15:57:34.762 [Test worker] DEBUG o.h.h.i.antlr.HqlSqlBaseWalker - select << begin [level=1, statement=select]
15:57:34.762 [Test worker] DEBUG o.h.h.internal.ast.tree.FromElement - FromClause{level=1} : webAppProject.domain.Request (generatedAlias0) -> request0_
15:57:34.762 [Test worker] DEBUG o.h.h.i.ast.tree.FromReferenceNode - Resolved : generatedAlias0 -> request0_.id
15:57:34.762 [Test worker] DEBUG o.h.h.i.ast.tree.FromReferenceNode - Resolved : generatedAlias0 -> request0_.id
15:57:34.762 [Test worker] DEBUG o.h.hql.internal.ast.tree.DotNode - getDataType() : problem -> org.hibernate.type.StringType@22374f13
15:57:34.762 [Test worker] DEBUG o.h.h.i.ast.tree.FromReferenceNode - Resolved : generatedAlias0.problem -> request0_.problem
15:57:34.763 [Test worker] DEBUG o.h.h.i.antlr.HqlSqlBaseWalker - select : finishing up [level=1, statement=select]
15:57:34.763 [Test worker] DEBUG o.h.hql.internal.ast.HqlSqlWalker - processQuery() :  ( SELECT ( {select clause} request0_.id ) ( FromClause{level=1} requests request0_ ) ( where ( = ( request0_.problem request0_.id problem ) ? ) ) )
15:57:34.763 [Test worker] DEBUG o.h.h.i.ast.util.JoinProcessor - Using FROM fragment [requests request0_]
15:57:34.763 [Test worker] DEBUG o.h.h.i.antlr.HqlSqlBaseWalker - select >> end [level=1, statement=select]
15:57:34.763 [Test worker] DEBUG o.h.h.i.ast.QueryTranslatorImpl - --- SQL AST ---
 \-[SELECT] QueryNode: 'SELECT'  querySpaces (requests)
    +-[SELECT_CLAUSE] SelectClause: '{select clause}'
    |  +-[ALIAS_REF] IdentNode: 'request0_.id as id1_0_' {alias=generatedAlias0, className=webAppProject.domain.Request, tableAlias=request0_}
    |  \-[SQL_TOKEN] SqlFragment: 'request0_.assessment as assessme2_0_, request0_.completion as completi3_0_, request0_.deadline as deadline4_0_, request0_.developer as develope5_0_, request0_.priority as priority6_0_, request0_.problem as problem7_0_, request0_.req_type as req_type8_0_, request0_.solution as solution9_0_, request0_.status as status10_0_, request0_.versionid as version11_0_'
    +-[FROM] FromClause: 'from' FromClause{level=1, fromElementCounter=1, fromElements=1, fromElementByClassAlias=[generatedAlias0], fromElementByTableAlias=[request0_], fromElementsByPath=[], collectionJoinFromElementsByPath=[], impliedElements=[]}
    |  \-[FROM_FRAGMENT] FromElement: 'requests request0_' FromElement{explicit,not a collection join,not a fetch join,fetch non-lazy properties,classAlias=generatedAlias0,role=null,tableName=requests,tableAlias=request0_,origin=null,columns={,className=webAppProject.domain.Request}}
    \-[WHERE] SqlNode: 'where'
       \-[EQ] BinaryLogicOperatorNode: '='
          +-[DOT] DotNode: 'request0_.problem' {propertyName=problem,dereferenceType=PRIMITIVE,getPropertyPath=problem,path=generatedAlias0.problem,tableAlias=request0_,className=webAppProject.domain.Request,classAlias=generatedAlias0}
          |  +-[ALIAS_REF] IdentNode: 'request0_.id' {alias=generatedAlias0, className=webAppProject.domain.Request, tableAlias=request0_}
          |  \-[IDENT] IdentNode: 'problem' {originalText=problem}
          \-[NAMED_PARAM] ParameterNode: '?' {name=param0, expectedType=org.hibernate.type.StringType@22374f13}

15:57:34.763 [Test worker] DEBUG o.h.hql.internal.ast.ErrorCounter - throwQueryException() : no errors
15:57:34.763 [Test worker] DEBUG o.h.h.i.ast.QueryTranslatorImpl - HQL: select generatedAlias0 from webAppProject.domain.Request as generatedAlias0 where generatedAlias0.problem=:param0
15:57:34.763 [Test worker] DEBUG o.h.h.i.ast.QueryTranslatorImpl - SQL: select request0_.id as id1_0_, request0_.assessment as assessme2_0_, request0_.completion as completi3_0_, request0_.deadline as deadline4_0_, request0_.developer as develope5_0_, request0_.priority as priority6_0_, request0_.problem as problem7_0_, request0_.req_type as req_type8_0_, request0_.solution as solution9_0_, request0_.status as status10_0_, request0_.versionid as version11_0_ from requests request0_ where request0_.problem=?
15:57:34.763 [Test worker] DEBUG o.h.hql.internal.ast.ErrorCounter - throwQueryException() : no errors
15:57:34.764 [Test worker] DEBUG org.hibernate.SQL - select request0_.id as id1_0_, request0_.assessment as assessme2_0_, request0_.completion as completi3_0_, request0_.deadline as deadline4_0_, request0_.developer as develope5_0_, request0_.priority as priority6_0_, request0_.problem as problem7_0_, request0_.req_type as req_type8_0_, request0_.solution as solution9_0_, request0_.status as status10_0_, request0_.versionid as version11_0_ from requests request0_ where request0_.problem=?
15:57:34.764 [Test worker] DEBUG o.h.e.j.i.LogicalConnectionImpl - Obtaining JDBC connection
15:57:34.764 [Test worker] DEBUG o.s.j.d.DriverManagerDataSource - Creating new JDBC DriverManager Connection to [jdbc:mysql://mysql.mcscw3.le.ac.uk:3306/mic7]
15:57:34.776 [Test worker] DEBUG o.h.e.j.i.LogicalConnectionImpl - Obtained JDBC connection
15:57:34.777 [Test worker] DEBUG org.hibernate.loader.Loader - Result set row: 0
15:57:34.777 [Test worker] DEBUG org.hibernate.loader.Loader - Result row: EntityKey[webAppProject.domain.Request#1]
15:57:34.778 [Test worker] DEBUG o.h.engine.internal.TwoPhaseLoad - Resolving associations for [webAppProject.domain.Request#1]
15:57:34.778 [Test worker] DEBUG o.h.engine.internal.TwoPhaseLoad - Done materializing entity [webAppProject.domain.Request#1]
15:57:34.779 [Test worker] DEBUG o.s.orm.jpa.JpaTransactionManager - Found thread-bound EntityManager [org.hibernate.jpa.internal.EntityManagerImpl@19806a83] for JPA transaction
15:57:34.779 [Test worker] DEBUG o.s.orm.jpa.JpaTransactionManager - Creating new transaction with name [org.springframework.data.jpa.repository.support.SimpleJpaRepository.save]: PROPAGATION_REQUIRED,ISOLATION_DEFAULT; ''
15:57:34.779 [Test worker] DEBUG o.h.e.t.spi.AbstractTransactionImpl - begin
15:57:34.779 [Test worker] DEBUG o.h.e.t.i.jdbc.JdbcTransaction - initial autocommit status: true
15:57:34.779 [Test worker] DEBUG o.h.e.t.i.jdbc.JdbcTransaction - disabling autocommit
15:57:34.780 [Test worker] DEBUG o.s.orm.jpa.JpaTransactionManager - Exposing JPA transaction as JDBC transaction [org.springframework.orm.jpa.vendor.HibernateJpaDialect$HibernateConnectionHandle@a7c7bfe]
15:57:34.781 [Test worker] DEBUG o.h.e.i.DefaultMergeEventListener - EntityCopyObserver strategy: disallow
15:57:34.783 [Test worker] DEBUG o.s.orm.jpa.JpaTransactionManager - Initiating transaction commit
15:57:34.783 [Test worker] DEBUG o.s.orm.jpa.JpaTransactionManager - Committing JPA transaction on EntityManager [org.hibernate.jpa.internal.EntityManagerImpl@19806a83]
15:57:34.784 [Test worker] DEBUG o.h.e.t.spi.AbstractTransactionImpl - committing
15:57:34.784 [Test worker] DEBUG o.h.e.i.AbstractFlushingEventListener - Processing flush-time cascades
15:57:34.784 [Test worker] DEBUG o.h.e.i.AbstractFlushingEventListener - Dirty checking collections
15:57:34.786 [Test worker] DEBUG o.h.e.i.AbstractFlushingEventListener - Flushed: 0 insertions, 1 updates, 0 deletions to 1 objects
15:57:34.786 [Test worker] DEBUG o.h.e.i.AbstractFlushingEventListener - Flushed: 0 (re)creations, 0 updates, 0 removals to 0 collections
15:57:34.786 [Test worker] DEBUG o.h.internal.util.EntityPrinter - Listing entities:
15:57:34.786 [Test worker] DEBUG o.h.internal.util.EntityPrinter - webAppProject.domain.Request{assessment=, completion=null, problem=Fault, solution=solution, reqType=Fault, developer=A, id=1, deadline=17-11-2015, priority=high, version=null, status=accepted}
15:57:34.793 [Test worker] DEBUG org.hibernate.SQL - update requests set assessment=?, completion=?, deadline=?, developer=?, priority=?, problem=?, req_type=?, solution=?, status=?, versionid=? where id=?
15:57:34.799 [Test worker] DEBUG o.h.e.t.i.jdbc.JdbcTransaction - committed JDBC Connection
15:57:34.799 [Test worker] DEBUG o.h.e.t.i.jdbc.JdbcTransaction - re-enabling autocommit
15:57:34.800 [Test worker] DEBUG o.s.orm.jpa.JpaTransactionManager - Not closing pre-bound JPA EntityManager after transaction
15:57:34.804 [Test worker] DEBUG o.s.b.f.s.DefaultListableBeanFactory - Invoking afterPropertiesSet() on bean with name 'redirect:/evaluate-request'
15:57:34.804 [Test worker] DEBUG o.s.b.f.s.DefaultListableBeanFactory - Returning cached instance of singleton bean 'org.springframework.transaction.config.internalTransactionAdvisor'
15:57:34.804 [Test worker] DEBUG o.s.b.f.s.DefaultListableBeanFactory - Returning cached instance of singleton bean 'org.springframework.transaction.config.internalTransactionAdvisor'
15:57:34.807 [Test worker] DEBUG o.s.t.w.s.TestDispatcherServlet - Rendering view [org.springframework.web.servlet.view.RedirectView: name 'redirect:/evaluate-request'; URL [/evaluate-request]] in DispatcherServlet with name ''
15:57:34.809 [Test worker] DEBUG o.s.b.f.s.DefaultListableBeanFactory - Returning cached instance of singleton bean 'requestDataValueProcessor'
15:57:34.810 [Test worker] DEBUG o.s.o.j.s.OpenEntityManagerInViewInterceptor - Closing JPA EntityManager in OpenEntityManagerInViewInterceptor
15:57:34.810 [Test worker] DEBUG o.s.o.jpa.EntityManagerFactoryUtils - Closing JPA EntityManager
15:57:34.810 [Test worker] DEBUG o.h.e.j.internal.JdbcCoordinatorImpl - HHH000420: Closing un-released batch
15:57:34.810 [Test worker] DEBUG o.h.e.j.i.LogicalConnectionImpl - Releasing JDBC connection
15:57:34.810 [Test worker] DEBUG o.h.e.j.i.LogicalConnectionImpl - Released JDBC connection
15:57:34.810 [Test worker] DEBUG o.s.t.w.s.TestDispatcherServlet - Successfully completed request
15:57:34.811 [Test worker] DEBUG o.s.b.f.s.DefaultListableBeanFactory - Returning cached instance of singleton bean 'delegatingApplicationListener'
15:57:34.813 [Test worker] DEBUG o.s.o.j.SharedEntityManagerCreator$SharedEntityManagerInvocationHandler - Creating new EntityManager for shared EntityManager invocation
15:57:34.814 [Test worker] DEBUG o.h.jpa.criteria.CriteriaQueryImpl - Rendered criteria query -> select generatedAlias0 from Request as generatedAlias0 where generatedAlias0.problem=:param0
15:57:34.816 [Test worker] DEBUG org.hibernate.SQL - select request0_.id as id1_0_, request0_.assessment as assessme2_0_, request0_.completion as completi3_0_, request0_.deadline as deadline4_0_, request0_.developer as develope5_0_, request0_.priority as priority6_0_, request0_.problem as problem7_0_, request0_.req_type as req_type8_0_, request0_.solution as solution9_0_, request0_.status as status10_0_, request0_.versionid as version11_0_ from requests request0_ where request0_.problem=?
15:57:34.816 [Test worker] DEBUG o.h.e.j.i.LogicalConnectionImpl - Obtaining JDBC connection
15:57:34.816 [Test worker] DEBUG o.s.j.d.DriverManagerDataSource - Creating new JDBC DriverManager Connection to [jdbc:mysql://mysql.mcscw3.le.ac.uk:3306/mic7]
15:57:34.828 [Test worker] DEBUG o.h.e.j.i.LogicalConnectionImpl - Obtained JDBC connection
15:57:34.830 [Test worker] DEBUG org.hibernate.loader.Loader - Result set row: 0
15:57:34.830 [Test worker] DEBUG org.hibernate.loader.Loader - Result row: EntityKey[webAppProject.domain.Request#1]
15:57:34.831 [Test worker] DEBUG o.h.engine.internal.TwoPhaseLoad - Resolving associations for [webAppProject.domain.Request#1]
15:57:34.831 [Test worker] DEBUG o.h.engine.internal.TwoPhaseLoad - Done materializing entity [webAppProject.domain.Request#1]
15:57:34.832 [Test worker] DEBUG o.s.o.jpa.EntityManagerFactoryUtils - Closing JPA EntityManager
15:57:34.832 [Test worker] DEBUG o.h.e.j.i.LogicalConnectionImpl - Releasing JDBC connection
15:57:34.832 [Test worker] DEBUG o.h.e.j.i.LogicalConnectionImpl - Released JDBC connection
15:57:34.835 [Test worker] DEBUG o.s.d.r.c.s.TransactionalRepositoryProxyPostProcessor$CustomAnnotationTransactionAttributeSource - Adding transactional method 'deleteAll' with attribute: PROPAGATION_REQUIRED,ISOLATION_DEFAULT; ''
15:57:34.835 [Test worker] DEBUG o.s.orm.jpa.JpaTransactionManager - Creating new transaction with name [org.springframework.data.jpa.repository.support.SimpleJpaRepository.deleteAll]: PROPAGATION_REQUIRED,ISOLATION_DEFAULT; ''
15:57:34.835 [Test worker] DEBUG o.s.orm.jpa.JpaTransactionManager - Opened new EntityManager [org.hibernate.jpa.internal.EntityManagerImpl@4fffc016] for JPA transaction
15:57:34.835 [Test worker] DEBUG o.h.e.t.spi.AbstractTransactionImpl - begin
15:57:34.835 [Test worker] DEBUG o.h.e.j.i.LogicalConnectionImpl - Obtaining JDBC connection
15:57:34.836 [Test worker] DEBUG o.s.j.d.DriverManagerDataSource - Creating new JDBC DriverManager Connection to [jdbc:mysql://mysql.mcscw3.le.ac.uk:3306/mic7]
15:57:34.847 [Test worker] DEBUG o.h.e.j.i.LogicalConnectionImpl - Obtained JDBC connection
15:57:34.847 [Test worker] DEBUG o.h.e.t.i.jdbc.JdbcTransaction - initial autocommit status: true
15:57:34.847 [Test worker] DEBUG o.h.e.t.i.jdbc.JdbcTransaction - disabling autocommit
15:57:34.847 [Test worker] DEBUG o.s.orm.jpa.JpaTransactionManager - Exposing JPA transaction as JDBC transaction [org.springframework.orm.jpa.vendor.HibernateJpaDialect$HibernateConnectionHandle@784de187]
15:57:34.847 [Test worker] DEBUG o.h.jpa.criteria.CriteriaQueryImpl - Rendered criteria query -> select generatedAlias0 from Request as generatedAlias0
15:57:34.848 [Test worker] DEBUG o.h.h.i.ast.QueryTranslatorImpl - parse() - HQL: select generatedAlias0 from webAppProject.domain.Request as generatedAlias0
15:57:34.849 [Test worker] DEBUG o.h.h.i.ast.QueryTranslatorImpl - --- HQL AST ---
 \-[QUERY] Node: 'query'
    \-[SELECT_FROM] Node: 'SELECT_FROM'
       +-[FROM] Node: 'from'
       |  \-[RANGE] Node: 'RANGE'
       |     +-[DOT] Node: '.'
       |     |  +-[DOT] Node: '.'
       |     |  |  +-[IDENT] Node: 'webAppProject'
       |     |  |  \-[IDENT] Node: 'domain'
       |     |  \-[IDENT] Node: 'Request'
       |     \-[ALIAS] Node: 'generatedAlias0'
       \-[SELECT] Node: 'select'
          \-[IDENT] Node: 'generatedAlias0'

15:57:34.849 [Test worker] DEBUG o.h.hql.internal.ast.ErrorCounter - throwQueryException() : no errors
15:57:34.849 [Test worker] DEBUG o.h.h.i.antlr.HqlSqlBaseWalker - select << begin [level=1, statement=select]
15:57:34.849 [Test worker] DEBUG o.h.h.internal.ast.tree.FromElement - FromClause{level=1} : webAppProject.domain.Request (generatedAlias0) -> request0_
15:57:34.849 [Test worker] DEBUG o.h.h.i.ast.tree.FromReferenceNode - Resolved : generatedAlias0 -> request0_.id
15:57:34.849 [Test worker] DEBUG o.h.h.i.antlr.HqlSqlBaseWalker - select : finishing up [level=1, statement=select]
15:57:34.849 [Test worker] DEBUG o.h.hql.internal.ast.HqlSqlWalker - processQuery() :  ( SELECT ( {select clause} request0_.id ) ( FromClause{level=1} requests request0_ ) )
15:57:34.849 [Test worker] DEBUG o.h.h.i.ast.util.JoinProcessor - Using FROM fragment [requests request0_]
15:57:34.850 [Test worker] DEBUG o.h.h.i.antlr.HqlSqlBaseWalker - select >> end [level=1, statement=select]
15:57:34.850 [Test worker] DEBUG o.h.h.i.ast.QueryTranslatorImpl - --- SQL AST ---
 \-[SELECT] QueryNode: 'SELECT'  querySpaces (requests)
    +-[SELECT_CLAUSE] SelectClause: '{select clause}'
    |  +-[ALIAS_REF] IdentNode: 'request0_.id as id1_0_' {alias=generatedAlias0, className=webAppProject.domain.Request, tableAlias=request0_}
    |  \-[SQL_TOKEN] SqlFragment: 'request0_.assessment as assessme2_0_, request0_.completion as completi3_0_, request0_.deadline as deadline4_0_, request0_.developer as develope5_0_, request0_.priority as priority6_0_, request0_.problem as problem7_0_, request0_.req_type as req_type8_0_, request0_.solution as solution9_0_, request0_.status as status10_0_, request0_.versionid as version11_0_'
    \-[FROM] FromClause: 'from' FromClause{level=1, fromElementCounter=1, fromElements=1, fromElementByClassAlias=[generatedAlias0], fromElementByTableAlias=[request0_], fromElementsByPath=[], collectionJoinFromElementsByPath=[], impliedElements=[]}
       \-[FROM_FRAGMENT] FromElement: 'requests request0_' FromElement{explicit,not a collection join,not a fetch join,fetch non-lazy properties,classAlias=generatedAlias0,role=null,tableName=requests,tableAlias=request0_,origin=null,columns={,className=webAppProject.domain.Request}}

15:57:34.850 [Test worker] DEBUG o.h.hql.internal.ast.ErrorCounter - throwQueryException() : no errors
15:57:34.854 [Test worker] DEBUG o.h.h.i.ast.QueryTranslatorImpl - HQL: select generatedAlias0 from webAppProject.domain.Request as generatedAlias0
15:57:34.854 [Test worker] DEBUG o.h.h.i.ast.QueryTranslatorImpl - SQL: select request0_.id as id1_0_, request0_.assessment as assessme2_0_, request0_.completion as completi3_0_, request0_.deadline as deadline4_0_, request0_.developer as develope5_0_, request0_.priority as priority6_0_, request0_.problem as problem7_0_, request0_.req_type as req_type8_0_, request0_.solution as solution9_0_, request0_.status as status10_0_, request0_.versionid as version11_0_ from requests request0_
15:57:34.854 [Test worker] DEBUG o.h.hql.internal.ast.ErrorCounter - throwQueryException() : no errors
15:57:34.855 [Test worker] DEBUG o.s.d.j.r.s.CrudMethodMetadataPostProcessor$ThreadBoundTargetSource - Initializing lazy target object
15:57:34.855 [Test worker] DEBUG org.hibernate.SQL - select request0_.id as id1_0_, request0_.assessment as assessme2_0_, request0_.completion as completi3_0_, request0_.deadline as deadline4_0_, request0_.developer as develope5_0_, request0_.priority as priority6_0_, request0_.problem as problem7_0_, request0_.req_type as req_type8_0_, request0_.solution as solution9_0_, request0_.status as status10_0_, request0_.versionid as version11_0_ from requests request0_
15:57:34.856 [Test worker] DEBUG org.hibernate.loader.Loader - Result set row: 0
15:57:34.857 [Test worker] DEBUG org.hibernate.loader.Loader - Result row: EntityKey[webAppProject.domain.Request#1]
15:57:34.857 [Test worker] DEBUG o.h.engine.internal.TwoPhaseLoad - Resolving associations for [webAppProject.domain.Request#1]
15:57:34.857 [Test worker] DEBUG o.h.engine.internal.TwoPhaseLoad - Done materializing entity [webAppProject.domain.Request#1]
15:57:34.860 [Test worker] DEBUG o.s.orm.jpa.JpaTransactionManager - Initiating transaction commit
15:57:34.860 [Test worker] DEBUG o.s.orm.jpa.JpaTransactionManager - Committing JPA transaction on EntityManager [org.hibernate.jpa.internal.EntityManagerImpl@4fffc016]
15:57:34.860 [Test worker] DEBUG o.h.e.t.spi.AbstractTransactionImpl - committing
15:57:34.860 [Test worker] DEBUG o.h.e.i.AbstractFlushingEventListener - Processing flush-time cascades
15:57:34.860 [Test worker] DEBUG o.h.e.i.AbstractFlushingEventListener - Dirty checking collections
15:57:34.860 [Test worker] DEBUG o.h.e.i.AbstractFlushingEventListener - Flushed: 0 insertions, 0 updates, 1 deletions to 1 objects
15:57:34.860 [Test worker] DEBUG o.h.e.i.AbstractFlushingEventListener - Flushed: 0 (re)creations, 0 updates, 0 removals to 0 collections
15:57:34.860 [Test worker] DEBUG o.h.internal.util.EntityPrinter - Listing entities:
15:57:34.860 [Test worker] DEBUG o.h.internal.util.EntityPrinter - webAppProject.domain.Request{assessment=, completion=null, problem=Fault, solution=solution, reqType=Fault, developer=A, id=1, deadline=17-11-2015, priority=high, version=null, status=accepted}
15:57:34.861 [Test worker] DEBUG org.hibernate.SQL - delete from requests where id=?
15:57:34.866 [Test worker] DEBUG o.h.e.t.i.jdbc.JdbcTransaction - committed JDBC Connection
15:57:34.866 [Test worker] DEBUG o.h.e.t.i.jdbc.JdbcTransaction - re-enabling autocommit
15:57:34.867 [Test worker] DEBUG o.s.orm.jpa.JpaTransactionManager - Closing JPA EntityManager [org.hibernate.jpa.internal.EntityManagerImpl@4fffc016] after transaction
15:57:34.867 [Test worker] DEBUG o.s.o.jpa.EntityManagerFactoryUtils - Closing JPA EntityManager
15:57:34.867 [Test worker] DEBUG o.h.e.j.internal.JdbcCoordinatorImpl - HHH000420: Closing un-released batch
15:57:34.867 [Test worker] DEBUG o.h.e.j.i.LogicalConnectionImpl - Releasing JDBC connection
15:57:34.867 [Test worker] DEBUG o.h.e.j.i.LogicalConnectionImpl - Released JDBC connection
15:57:34.867 [Test worker] DEBUG o.s.d.r.c.s.TransactionalRepositoryProxyPostProcessor$CustomAnnotationTransactionAttributeSource - Adding transactional method 'deleteAll' with attribute: PROPAGATION_REQUIRED,ISOLATION_DEFAULT; ''
15:57:34.867 [Test worker] DEBUG o.s.b.f.s.DefaultListableBeanFactory - Returning cached instance of singleton bean 'transactionManager'
15:57:34.867 [Test worker] DEBUG o.s.orm.jpa.JpaTransactionManager - Creating new transaction with name [org.springframework.data.jpa.repository.support.SimpleJpaRepository.deleteAll]: PROPAGATION_REQUIRED,ISOLATION_DEFAULT; ''
15:57:34.868 [Test worker] DEBUG o.s.orm.jpa.JpaTransactionManager - Opened new EntityManager [org.hibernate.jpa.internal.EntityManagerImpl@2df37c51] for JPA transaction
15:57:34.868 [Test worker] DEBUG o.h.e.t.spi.AbstractTransactionImpl - begin
15:57:34.868 [Test worker] DEBUG o.h.e.j.i.LogicalConnectionImpl - Obtaining JDBC connection
15:57:34.868 [Test worker] DEBUG o.s.j.d.DriverManagerDataSource - Creating new JDBC DriverManager Connection to [jdbc:mysql://mysql.mcscw3.le.ac.uk:3306/mic7]
15:57:34.878 [Test worker] DEBUG o.h.e.j.i.LogicalConnectionImpl - Obtained JDBC connection
15:57:34.878 [Test worker] DEBUG o.h.e.t.i.jdbc.JdbcTransaction - initial autocommit status: true
15:57:34.878 [Test worker] DEBUG o.h.e.t.i.jdbc.JdbcTransaction - disabling autocommit
15:57:34.879 [Test worker] DEBUG o.s.orm.jpa.JpaTransactionManager - Exposing JPA transaction as JDBC transaction [org.springframework.orm.jpa.vendor.HibernateJpaDialect$HibernateConnectionHandle@6fd29a98]
15:57:34.879 [Test worker] DEBUG o.h.jpa.criteria.CriteriaQueryImpl - Rendered criteria query -> select generatedAlias0 from User as generatedAlias0
15:57:34.879 [Test worker] DEBUG o.h.h.i.ast.QueryTranslatorImpl - parse() - HQL: select generatedAlias0 from webAppProject.domain.User as generatedAlias0
15:57:34.880 [Test worker] DEBUG o.h.h.i.ast.QueryTranslatorImpl - --- HQL AST ---
 \-[QUERY] Node: 'query'
    \-[SELECT_FROM] Node: 'SELECT_FROM'
       +-[FROM] Node: 'from'
       |  \-[RANGE] Node: 'RANGE'
       |     +-[DOT] Node: '.'
       |     |  +-[DOT] Node: '.'
       |     |  |  +-[IDENT] Node: 'webAppProject'
       |     |  |  \-[IDENT] Node: 'domain'
       |     |  \-[IDENT] Node: 'User'
       |     \-[ALIAS] Node: 'generatedAlias0'
       \-[SELECT] Node: 'select'
          \-[IDENT] Node: 'generatedAlias0'

15:57:34.880 [Test worker] DEBUG o.h.hql.internal.ast.ErrorCounter - throwQueryException() : no errors
15:57:34.880 [Test worker] DEBUG o.h.h.i.antlr.HqlSqlBaseWalker - select << begin [level=1, statement=select]
15:57:34.881 [Test worker] DEBUG o.h.h.internal.ast.tree.FromElement - FromClause{level=1} : webAppProject.domain.User (generatedAlias0) -> user0_
15:57:34.881 [Test worker] DEBUG o.h.h.i.ast.tree.FromReferenceNode - Resolved : generatedAlias0 -> user0_.id
15:57:34.881 [Test worker] DEBUG o.h.h.i.antlr.HqlSqlBaseWalker - select : finishing up [level=1, statement=select]
15:57:34.881 [Test worker] DEBUG o.h.hql.internal.ast.HqlSqlWalker - processQuery() :  ( SELECT ( {select clause} user0_.id ) ( FromClause{level=1} users user0_ ) )
15:57:34.881 [Test worker] DEBUG o.h.h.i.ast.util.JoinProcessor - Using FROM fragment [users user0_ left outer join user_roles user0_1_ on user0_.id=user0_1_.user_id]
15:57:34.882 [Test worker] DEBUG o.h.h.i.antlr.HqlSqlBaseWalker - select >> end [level=1, statement=select]
15:57:34.882 [Test worker] DEBUG o.h.h.i.ast.QueryTranslatorImpl - --- SQL AST ---
 \-[SELECT] QueryNode: 'SELECT'  querySpaces (user_roles,users)
    +-[SELECT_CLAUSE] SelectClause: '{select clause}'
    |  +-[ALIAS_REF] IdentNode: 'user0_.id as id1_4_' {alias=generatedAlias0, className=webAppProject.domain.User, tableAlias=user0_}
    |  \-[SQL_TOKEN] SqlFragment: 'user0_.enabled as enabled2_4_, user0_.login as login3_4_, user0_.password as password4_4_, user0_1_.role_id as role_id1_3_'
    \-[FROM] FromClause: 'from' FromClause{level=1, fromElementCounter=1, fromElements=1, fromElementByClassAlias=[generatedAlias0], fromElementByTableAlias=[user0_], fromElementsByPath=[], collectionJoinFromElementsByPath=[], impliedElements=[]}
       \-[FROM_FRAGMENT] FromElement: 'users user0_ left outer join user_roles user0_1_ on user0_.id=user0_1_.user_id' FromElement{explicit,not a collection join,not a fetch join,fetch non-lazy properties,classAlias=generatedAlias0,role=null,tableName=users,tableAlias=user0_,origin=null,columns={,className=webAppProject.domain.User}}

15:57:34.882 [Test worker] DEBUG o.h.hql.internal.ast.ErrorCounter - throwQueryException() : no errors
15:57:34.882 [Test worker] DEBUG o.h.h.i.ast.QueryTranslatorImpl - HQL: select generatedAlias0 from webAppProject.domain.User as generatedAlias0
15:57:34.882 [Test worker] DEBUG o.h.h.i.ast.QueryTranslatorImpl - SQL: select user0_.id as id1_4_, user0_.enabled as enabled2_4_, user0_.login as login3_4_, user0_.password as password4_4_, user0_1_.role_id as role_id1_3_ from users user0_ left outer join user_roles user0_1_ on user0_.id=user0_1_.user_id
15:57:34.882 [Test worker] DEBUG o.h.hql.internal.ast.ErrorCounter - throwQueryException() : no errors
15:57:34.882 [Test worker] DEBUG o.s.d.j.r.s.CrudMethodMetadataPostProcessor$ThreadBoundTargetSource - Initializing lazy target object
15:57:34.882 [Test worker] DEBUG org.hibernate.SQL - select user0_.id as id1_4_, user0_.enabled as enabled2_4_, user0_.login as login3_4_, user0_.password as password4_4_, user0_1_.role_id as role_id1_3_ from users user0_ left outer join user_roles user0_1_ on user0_.id=user0_1_.user_id
15:57:34.883 [Test worker] DEBUG org.hibernate.loader.Loader - Result set row: 0
15:57:34.884 [Test worker] DEBUG org.hibernate.loader.Loader - Result row: EntityKey[webAppProject.domain.User#1]
15:57:34.884 [Test worker] DEBUG org.hibernate.loader.Loader - Result set row: 1
15:57:34.884 [Test worker] DEBUG org.hibernate.loader.Loader - Result row: EntityKey[webAppProject.domain.User#2]
15:57:34.885 [Test worker] DEBUG o.h.engine.internal.TwoPhaseLoad - Resolving associations for [webAppProject.domain.User#1]
15:57:34.886 [Test worker] DEBUG org.hibernate.SQL - select role0_.id as id1_1_0_, role0_.role as role2_1_0_ from roles role0_ where role0_.id=?
15:57:34.888 [Test worker] DEBUG o.h.l.p.e.p.i.ResultSetProcessorImpl - Starting ResultSet row #0
15:57:34.889 [Test worker] DEBUG o.h.l.p.e.p.i.EntityReferenceInitializerImpl - On call to EntityIdentifierReaderImpl#resolve, EntityKey was already known; should only happen on root returns with an optional identifier specified
15:57:34.890 [Test worker] DEBUG o.h.engine.internal.TwoPhaseLoad - Resolving associations for [webAppProject.domain.Role#2]
15:57:34.895 [Test worker] DEBUG o.h.engine.internal.TwoPhaseLoad - Done materializing entity [webAppProject.domain.Role#2]
15:57:34.896 [Test worker] DEBUG o.h.l.e.p.AbstractLoadPlanBasedEntityLoader - Done entity load : webAppProject.domain.Role#2
15:57:34.896 [Test worker] DEBUG o.h.engine.internal.TwoPhaseLoad - Done materializing entity [webAppProject.domain.User#1]
15:57:34.896 [Test worker] DEBUG o.h.engine.internal.TwoPhaseLoad - Resolving associations for [webAppProject.domain.User#2]
15:57:34.897 [Test worker] DEBUG org.hibernate.SQL - select role0_.id as id1_1_0_, role0_.role as role2_1_0_ from roles role0_ where role0_.id=?
15:57:34.897 [Test worker] DEBUG o.h.l.p.e.p.i.ResultSetProcessorImpl - Starting ResultSet row #0
15:57:34.898 [Test worker] DEBUG o.h.l.p.e.p.i.EntityReferenceInitializerImpl - On call to EntityIdentifierReaderImpl#resolve, EntityKey was already known; should only happen on root returns with an optional identifier specified
15:57:34.898 [Test worker] DEBUG o.h.engine.internal.TwoPhaseLoad - Resolving associations for [webAppProject.domain.Role#1]
15:57:34.898 [Test worker] DEBUG o.h.engine.internal.TwoPhaseLoad - Done materializing entity [webAppProject.domain.Role#1]
15:57:34.899 [Test worker] DEBUG o.h.l.e.p.AbstractLoadPlanBasedEntityLoader - Done entity load : webAppProject.domain.Role#1
15:57:34.899 [Test worker] DEBUG o.h.engine.internal.TwoPhaseLoad - Done materializing entity [webAppProject.domain.User#2]
15:57:34.901 [Test worker] DEBUG o.h.l.c.p.AbstractLoadPlanBasedCollectionInitializer - Loading collection: [webAppProject.domain.Role.userRoles#2]
15:57:34.901 [Test worker] DEBUG org.hibernate.SQL - select userroles0_.role_id as role_id1_1_0_, userroles0_.user_id as user_id2_3_0_, user1_.id as id1_4_1_, user1_.enabled as enabled2_4_1_, user1_.login as login3_4_1_, user1_.password as password4_4_1_, user1_1_.role_id as role_id1_3_1_ from user_roles userroles0_ inner join users user1_ on userroles0_.user_id=user1_.id left outer join user_roles user1_1_ on user1_.id=user1_1_.user_id where userroles0_.role_id=?
15:57:34.902 [Test worker] DEBUG o.h.l.p.e.p.i.ResultSetProcessorImpl - Preparing collection intializer : [webAppProject.domain.Role.userRoles#2]
15:57:34.904 [Test worker] DEBUG o.h.l.p.e.p.i.ResultSetProcessorImpl - Starting ResultSet row #0
15:57:34.905 [Test worker] DEBUG o.h.l.p.e.p.i.CollectionReferenceInitializerImpl - Found row of collection: [webAppProject.domain.Role.userRoles#2]
15:57:34.905 [Test worker] DEBUG o.h.e.l.i.CollectionLoadContext - 1 collections were found in result set for role: webAppProject.domain.Role.userRoles
15:57:34.905 [Test worker] DEBUG o.h.e.l.i.CollectionLoadContext - Collection fully initialized: [webAppProject.domain.Role.userRoles#2]
15:57:34.905 [Test worker] DEBUG o.h.e.l.i.CollectionLoadContext - 1 collections initialized for role: webAppProject.domain.Role.userRoles
15:57:34.906 [Test worker] DEBUG o.h.l.c.p.AbstractLoadPlanBasedCollectionInitializer - Done loading collection
15:57:34.907 [Test worker] DEBUG o.h.l.c.p.AbstractLoadPlanBasedCollectionInitializer - Loading collection: [webAppProject.domain.Role.userRoles#1]
15:57:34.907 [Test worker] DEBUG org.hibernate.SQL - select userroles0_.role_id as role_id1_1_0_, userroles0_.user_id as user_id2_3_0_, user1_.id as id1_4_1_, user1_.enabled as enabled2_4_1_, user1_.login as login3_4_1_, user1_.password as password4_4_1_, user1_1_.role_id as role_id1_3_1_ from user_roles userroles0_ inner join users user1_ on userroles0_.user_id=user1_.id left outer join user_roles user1_1_ on user1_.id=user1_1_.user_id where userroles0_.role_id=?
15:57:34.908 [Test worker] DEBUG o.h.l.p.e.p.i.ResultSetProcessorImpl - Preparing collection intializer : [webAppProject.domain.Role.userRoles#1]
15:57:34.908 [Test worker] DEBUG o.h.l.p.e.p.i.ResultSetProcessorImpl - Starting ResultSet row #0
15:57:34.909 [Test worker] DEBUG o.h.l.p.e.p.i.CollectionReferenceInitializerImpl - Found row of collection: [webAppProject.domain.Role.userRoles#1]
15:57:34.909 [Test worker] DEBUG o.h.e.l.i.CollectionLoadContext - 1 collections were found in result set for role: webAppProject.domain.Role.userRoles
15:57:34.909 [Test worker] DEBUG o.h.e.l.i.CollectionLoadContext - Collection fully initialized: [webAppProject.domain.Role.userRoles#1]
15:57:34.909 [Test worker] DEBUG o.h.e.l.i.CollectionLoadContext - 1 collections initialized for role: webAppProject.domain.Role.userRoles
15:57:34.909 [Test worker] DEBUG o.h.l.c.p.AbstractLoadPlanBasedCollectionInitializer - Done loading collection
15:57:34.910 [Test worker] DEBUG o.s.orm.jpa.JpaTransactionManager - Initiating transaction commit
15:57:34.910 [Test worker] DEBUG o.s.orm.jpa.JpaTransactionManager - Committing JPA transaction on EntityManager [org.hibernate.jpa.internal.EntityManagerImpl@2df37c51]
15:57:34.910 [Test worker] DEBUG o.h.e.t.spi.AbstractTransactionImpl - committing
15:57:34.910 [Test worker] DEBUG o.h.e.i.AbstractFlushingEventListener - Processing flush-time cascades
15:57:34.910 [Test worker] DEBUG o.h.e.i.AbstractFlushingEventListener - Dirty checking collections
15:57:34.912 [Test worker] DEBUG o.h.engine.internal.Collections - Collection dereferenced: [webAppProject.domain.Role.userRoles#2]
15:57:34.913 [Test worker] DEBUG o.h.engine.internal.Collections - Collection dereferenced: [webAppProject.domain.Role.userRoles#1]
15:57:34.914 [Test worker] DEBUG o.h.e.i.AbstractFlushingEventListener - Flushed: 0 insertions, 0 updates, 4 deletions to 4 objects
15:57:34.914 [Test worker] DEBUG o.h.e.i.AbstractFlushingEventListener - Flushed: 0 (re)creations, 0 updates, 2 removals to 2 collections
15:57:34.914 [Test worker] DEBUG o.h.internal.util.EntityPrinter - Listing entities:
15:57:34.914 [Test worker] DEBUG o.h.internal.util.EntityPrinter - webAppProject.domain.User{password=$2a$10$akd/Sd36xAWzxTxyUZuMK.f8IfdbxV50/cBTBzqxlEOAQvZu2wG3i, role=webAppProject.domain.Role#2, id=1, login=alice, enabled=false}
15:57:34.914 [Test worker] DEBUG o.h.internal.util.EntityPrinter - webAppProject.domain.Role{userRoles=[webAppProject.domain.User#2], role=PM, id=1}
15:57:34.914 [Test worker] DEBUG o.h.internal.util.EntityPrinter - webAppProject.domain.User{password=$2a$10$Tg8jCHmLBsa5YySgfyh.Su4MwJbtni4RUlBrGuLZcoVkRCA8bPa.y, role=webAppProject.domain.Role#1, id=2, login=bob, enabled=false}
15:57:34.914 [Test worker] DEBUG o.h.internal.util.EntityPrinter - webAppProject.domain.Role{userRoles=[webAppProject.domain.User#1], role=DEV, id=2}
15:57:34.914 [Test worker] DEBUG o.h.p.c.AbstractCollectionPersister - Deleting collection: [webAppProject.domain.Role.userRoles#2]
15:57:34.915 [Test worker] DEBUG org.hibernate.SQL - delete from user_roles where role_id=?
15:57:34.916 [Test worker] DEBUG o.h.p.c.AbstractCollectionPersister - Done deleting collection
15:57:34.916 [Test worker] DEBUG o.h.p.c.AbstractCollectionPersister - Deleting collection: [webAppProject.domain.Role.userRoles#1]
15:57:34.918 [Test worker] DEBUG org.hibernate.SQL - delete from user_roles where role_id=?
15:57:34.920 [Test worker] DEBUG o.h.p.c.AbstractCollectionPersister - Done deleting collection
15:57:34.920 [Test worker] DEBUG org.hibernate.SQL - delete from user_roles where user_id=?
15:57:34.925 [Test worker] DEBUG org.hibernate.SQL - delete from users where id=?
15:57:34.929 [Test worker] DEBUG org.hibernate.SQL - delete from roles where id=?
15:57:34.933 [Test worker] DEBUG org.hibernate.SQL - delete from user_roles where user_id=?
15:57:34.935 [Test worker] DEBUG org.hibernate.SQL - delete from users where id=?
15:57:34.936 [Test worker] DEBUG org.hibernate.SQL - delete from roles where id=?
15:57:34.940 [Test worker] DEBUG o.h.e.t.i.jdbc.JdbcTransaction - committed JDBC Connection
15:57:34.940 [Test worker] DEBUG o.h.e.t.i.jdbc.JdbcTransaction - re-enabling autocommit
15:57:34.940 [Test worker] DEBUG o.s.orm.jpa.JpaTransactionManager - Closing JPA EntityManager [org.hibernate.jpa.internal.EntityManagerImpl@2df37c51] after transaction
15:57:34.940 [Test worker] DEBUG o.s.o.jpa.EntityManagerFactoryUtils - Closing JPA EntityManager
15:57:34.940 [Test worker] DEBUG o.h.e.j.internal.JdbcCoordinatorImpl - HHH000420: Closing un-released batch
15:57:34.941 [Test worker] DEBUG o.h.e.j.i.LogicalConnectionImpl - Releasing JDBC connection
15:57:34.941 [Test worker] DEBUG o.h.e.j.i.LogicalConnectionImpl - Released JDBC connection
15:57:34.941 [Test worker] DEBUG o.s.orm.jpa.JpaTransactionManager - Creating new transaction with name [org.springframework.data.jpa.repository.support.SimpleJpaRepository.deleteAll]: PROPAGATION_REQUIRED,ISOLATION_DEFAULT; ''
15:57:34.941 [Test worker] DEBUG o.s.orm.jpa.JpaTransactionManager - Opened new EntityManager [org.hibernate.jpa.internal.EntityManagerImpl@28867d5] for JPA transaction
15:57:34.941 [Test worker] DEBUG o.h.e.t.spi.AbstractTransactionImpl - begin
15:57:34.941 [Test worker] DEBUG o.h.e.j.i.LogicalConnectionImpl - Obtaining JDBC connection
15:57:34.941 [Test worker] DEBUG o.s.j.d.DriverManagerDataSource - Creating new JDBC DriverManager Connection to [jdbc:mysql://mysql.mcscw3.le.ac.uk:3306/mic7]
15:57:34.951 [Test worker] DEBUG o.h.e.j.i.LogicalConnectionImpl - Obtained JDBC connection
15:57:34.951 [Test worker] DEBUG o.h.e.t.i.jdbc.JdbcTransaction - initial autocommit status: true
15:57:34.952 [Test worker] DEBUG o.h.e.t.i.jdbc.JdbcTransaction - disabling autocommit
15:57:34.952 [Test worker] DEBUG o.s.orm.jpa.JpaTransactionManager - Exposing JPA transaction as JDBC transaction [org.springframework.orm.jpa.vendor.HibernateJpaDialect$HibernateConnectionHandle@4f0c2953]
15:57:34.952 [Test worker] DEBUG o.h.jpa.criteria.CriteriaQueryImpl - Rendered criteria query -> select generatedAlias0 from Request as generatedAlias0
15:57:34.952 [Test worker] DEBUG org.hibernate.SQL - select request0_.id as id1_0_, request0_.assessment as assessme2_0_, request0_.completion as completi3_0_, request0_.deadline as deadline4_0_, request0_.developer as develope5_0_, request0_.priority as priority6_0_, request0_.problem as problem7_0_, request0_.req_type as req_type8_0_, request0_.solution as solution9_0_, request0_.status as status10_0_, request0_.versionid as version11_0_ from requests request0_
15:57:34.954 [Test worker] DEBUG o.s.orm.jpa.JpaTransactionManager - Initiating transaction commit
15:57:34.954 [Test worker] DEBUG o.s.orm.jpa.JpaTransactionManager - Committing JPA transaction on EntityManager [org.hibernate.jpa.internal.EntityManagerImpl@28867d5]
15:57:34.954 [Test worker] DEBUG o.h.e.t.spi.AbstractTransactionImpl - committing
15:57:34.954 [Test worker] DEBUG o.h.e.t.i.jdbc.JdbcTransaction - committed JDBC Connection
15:57:34.954 [Test worker] DEBUG o.h.e.t.i.jdbc.JdbcTransaction - re-enabling autocommit
15:57:34.955 [Test worker] DEBUG o.s.orm.jpa.JpaTransactionManager - Closing JPA EntityManager [org.hibernate.jpa.internal.EntityManagerImpl@28867d5] after transaction
15:57:34.955 [Test worker] DEBUG o.s.o.jpa.EntityManagerFactoryUtils - Closing JPA EntityManager
15:57:34.955 [Test worker] DEBUG o.h.e.j.i.LogicalConnectionImpl - Releasing JDBC connection
15:57:34.957 [Test worker] DEBUG o.h.e.j.i.LogicalConnectionImpl - Released JDBC connection
15:57:34.957 [Test worker] DEBUG o.s.orm.jpa.JpaTransactionManager - Creating new transaction with name [org.springframework.data.jpa.repository.support.SimpleJpaRepository.deleteAll]: PROPAGATION_REQUIRED,ISOLATION_DEFAULT; ''
15:57:34.960 [Test worker] DEBUG o.s.orm.jpa.JpaTransactionManager - Opened new EntityManager [org.hibernate.jpa.internal.EntityManagerImpl@4edde2e9] for JPA transaction
15:57:34.960 [Test worker] DEBUG o.h.e.t.spi.AbstractTransactionImpl - begin
15:57:34.960 [Test worker] DEBUG o.h.e.j.i.LogicalConnectionImpl - Obtaining JDBC connection
15:57:34.960 [Test worker] DEBUG o.s.j.d.DriverManagerDataSource - Creating new JDBC DriverManager Connection to [jdbc:mysql://mysql.mcscw3.le.ac.uk:3306/mic7]
15:57:34.974 [Test worker] DEBUG o.h.e.j.i.LogicalConnectionImpl - Obtained JDBC connection
15:57:34.974 [Test worker] DEBUG o.h.e.t.i.jdbc.JdbcTransaction - initial autocommit status: true
15:57:34.974 [Test worker] DEBUG o.h.e.t.i.jdbc.JdbcTransaction - disabling autocommit
15:57:34.975 [Test worker] DEBUG o.s.orm.jpa.JpaTransactionManager - Exposing JPA transaction as JDBC transaction [org.springframework.orm.jpa.vendor.HibernateJpaDialect$HibernateConnectionHandle@2c70a5e4]
15:57:34.975 [Test worker] DEBUG o.h.jpa.criteria.CriteriaQueryImpl - Rendered criteria query -> select generatedAlias0 from Request as generatedAlias0
15:57:34.975 [Test worker] DEBUG org.hibernate.SQL - select request0_.id as id1_0_, request0_.assessment as assessme2_0_, request0_.completion as completi3_0_, request0_.deadline as deadline4_0_, request0_.developer as develope5_0_, request0_.priority as priority6_0_, request0_.problem as problem7_0_, request0_.req_type as req_type8_0_, request0_.solution as solution9_0_, request0_.status as status10_0_, request0_.versionid as version11_0_ from requests request0_
15:57:34.977 [Test worker] DEBUG o.s.orm.jpa.JpaTransactionManager - Initiating transaction commit
15:57:34.977 [Test worker] DEBUG o.s.orm.jpa.JpaTransactionManager - Committing JPA transaction on EntityManager [org.hibernate.jpa.internal.EntityManagerImpl@4edde2e9]
15:57:34.977 [Test worker] DEBUG o.h.e.t.spi.AbstractTransactionImpl - committing
15:57:34.977 [Test worker] DEBUG o.h.e.t.i.jdbc.JdbcTransaction - committed JDBC Connection
15:57:34.977 [Test worker] DEBUG o.h.e.t.i.jdbc.JdbcTransaction - re-enabling autocommit
15:57:34.978 [Test worker] DEBUG o.s.orm.jpa.JpaTransactionManager - Closing JPA EntityManager [org.hibernate.jpa.internal.EntityManagerImpl@4edde2e9] after transaction
15:57:34.978 [Test worker] DEBUG o.s.o.jpa.EntityManagerFactoryUtils - Closing JPA EntityManager
15:57:34.978 [Test worker] DEBUG o.h.e.j.i.LogicalConnectionImpl - Releasing JDBC connection
15:57:34.978 [Test worker] DEBUG o.h.e.j.i.LogicalConnectionImpl - Released JDBC connection
15:57:34.978 [Test worker] DEBUG o.s.orm.jpa.JpaTransactionManager - Creating new transaction with name [org.springframework.data.jpa.repository.support.SimpleJpaRepository.deleteAll]: PROPAGATION_REQUIRED,ISOLATION_DEFAULT; ''
15:57:34.978 [Test worker] DEBUG o.s.orm.jpa.JpaTransactionManager - Opened new EntityManager [org.hibernate.jpa.internal.EntityManagerImpl@6c742ca5] for JPA transaction
15:57:34.978 [Test worker] DEBUG o.h.e.t.spi.AbstractTransactionImpl - begin
15:57:34.978 [Test worker] DEBUG o.h.e.j.i.LogicalConnectionImpl - Obtaining JDBC connection
15:57:34.978 [Test worker] DEBUG o.s.j.d.DriverManagerDataSource - Creating new JDBC DriverManager Connection to [jdbc:mysql://mysql.mcscw3.le.ac.uk:3306/mic7]
15:57:34.989 [Test worker] DEBUG o.h.e.j.i.LogicalConnectionImpl - Obtained JDBC connection
15:57:34.989 [Test worker] DEBUG o.h.e.t.i.jdbc.JdbcTransaction - initial autocommit status: true
15:57:34.989 [Test worker] DEBUG o.h.e.t.i.jdbc.JdbcTransaction - disabling autocommit
15:57:34.989 [Test worker] DEBUG o.s.orm.jpa.JpaTransactionManager - Exposing JPA transaction as JDBC transaction [org.springframework.orm.jpa.vendor.HibernateJpaDialect$HibernateConnectionHandle@524c1135]
15:57:34.989 [Test worker] DEBUG o.h.jpa.criteria.CriteriaQueryImpl - Rendered criteria query -> select generatedAlias0 from User as generatedAlias0
15:57:34.990 [Test worker] DEBUG org.hibernate.SQL - select user0_.id as id1_4_, user0_.enabled as enabled2_4_, user0_.login as login3_4_, user0_.password as password4_4_, user0_1_.role_id as role_id1_3_ from users user0_ left outer join user_roles user0_1_ on user0_.id=user0_1_.user_id
15:57:34.991 [Test worker] DEBUG o.s.orm.jpa.JpaTransactionManager - Initiating transaction commit
15:57:34.991 [Test worker] DEBUG o.s.orm.jpa.JpaTransactionManager - Committing JPA transaction on EntityManager [org.hibernate.jpa.internal.EntityManagerImpl@6c742ca5]
15:57:34.991 [Test worker] DEBUG o.h.e.t.spi.AbstractTransactionImpl - committing
15:57:34.992 [Test worker] DEBUG o.h.e.t.i.jdbc.JdbcTransaction - committed JDBC Connection
15:57:34.992 [Test worker] DEBUG o.h.e.t.i.jdbc.JdbcTransaction - re-enabling autocommit
15:57:34.992 [Test worker] DEBUG o.s.orm.jpa.JpaTransactionManager - Closing JPA EntityManager [org.hibernate.jpa.internal.EntityManagerImpl@6c742ca5] after transaction
15:57:34.992 [Test worker] DEBUG o.s.o.jpa.EntityManagerFactoryUtils - Closing JPA EntityManager
15:57:34.992 [Test worker] DEBUG o.h.e.j.i.LogicalConnectionImpl - Releasing JDBC connection
15:57:34.992 [Test worker] DEBUG o.h.e.j.i.LogicalConnectionImpl - Released JDBC connection
15:57:34.993 [Test worker] DEBUG o.s.orm.jpa.JpaTransactionManager - Creating new transaction with name [org.springframework.data.jpa.repository.support.SimpleJpaRepository.deleteAll]: PROPAGATION_REQUIRED,ISOLATION_DEFAULT; ''
15:57:34.993 [Test worker] DEBUG o.s.orm.jpa.JpaTransactionManager - Opened new EntityManager [org.hibernate.jpa.internal.EntityManagerImpl@4257ee02] for JPA transaction
15:57:34.993 [Test worker] DEBUG o.h.e.t.spi.AbstractTransactionImpl - begin
15:57:34.993 [Test worker] DEBUG o.h.e.j.i.LogicalConnectionImpl - Obtaining JDBC connection
15:57:34.993 [Test worker] DEBUG o.s.j.d.DriverManagerDataSource - Creating new JDBC DriverManager Connection to [jdbc:mysql://mysql.mcscw3.le.ac.uk:3306/mic7]
15:57:35.004 [Test worker] DEBUG o.h.e.j.i.LogicalConnectionImpl - Obtained JDBC connection
15:57:35.004 [Test worker] DEBUG o.h.e.t.i.jdbc.JdbcTransaction - initial autocommit status: true
15:57:35.004 [Test worker] DEBUG o.h.e.t.i.jdbc.JdbcTransaction - disabling autocommit
15:57:35.004 [Test worker] DEBUG o.s.orm.jpa.JpaTransactionManager - Exposing JPA transaction as JDBC transaction [org.springframework.orm.jpa.vendor.HibernateJpaDialect$HibernateConnectionHandle@787c6614]
15:57:35.005 [Test worker] DEBUG o.h.jpa.criteria.CriteriaQueryImpl - Rendered criteria query -> select generatedAlias0 from Request as generatedAlias0
15:57:35.005 [Test worker] DEBUG org.hibernate.SQL - select request0_.id as id1_0_, request0_.assessment as assessme2_0_, request0_.completion as completi3_0_, request0_.deadline as deadline4_0_, request0_.developer as develope5_0_, request0_.priority as priority6_0_, request0_.problem as problem7_0_, request0_.req_type as req_type8_0_, request0_.solution as solution9_0_, request0_.status as status10_0_, request0_.versionid as version11_0_ from requests request0_
15:57:35.006 [Test worker] DEBUG o.s.orm.jpa.JpaTransactionManager - Initiating transaction commit
15:57:35.006 [Test worker] DEBUG o.s.orm.jpa.JpaTransactionManager - Committing JPA transaction on EntityManager [org.hibernate.jpa.internal.EntityManagerImpl@4257ee02]
15:57:35.006 [Test worker] DEBUG o.h.e.t.spi.AbstractTransactionImpl - committing
15:57:35.007 [Test worker] DEBUG o.h.e.t.i.jdbc.JdbcTransaction - committed JDBC Connection
15:57:35.007 [Test worker] DEBUG o.h.e.t.i.jdbc.JdbcTransaction - re-enabling autocommit
15:57:35.007 [Test worker] DEBUG o.s.orm.jpa.JpaTransactionManager - Closing JPA EntityManager [org.hibernate.jpa.internal.EntityManagerImpl@4257ee02] after transaction
15:57:35.008 [Test worker] DEBUG o.s.o.jpa.EntityManagerFactoryUtils - Closing JPA EntityManager
15:57:35.008 [Test worker] DEBUG o.h.e.j.i.LogicalConnectionImpl - Releasing JDBC connection
15:57:35.008 [Test worker] DEBUG o.h.e.j.i.LogicalConnectionImpl - Released JDBC connection
15:57:35.008 [Test worker] DEBUG o.s.orm.jpa.JpaTransactionManager - Creating new transaction with name [org.springframework.data.jpa.repository.support.SimpleJpaRepository.deleteAll]: PROPAGATION_REQUIRED,ISOLATION_DEFAULT; ''
15:57:35.008 [Test worker] DEBUG o.s.orm.jpa.JpaTransactionManager - Opened new EntityManager [org.hibernate.jpa.internal.EntityManagerImpl@457eb1f6] for JPA transaction
15:57:35.008 [Test worker] DEBUG o.h.e.t.spi.AbstractTransactionImpl - begin
15:57:35.008 [Test worker] DEBUG o.h.e.j.i.LogicalConnectionImpl - Obtaining JDBC connection
15:57:35.008 [Test worker] DEBUG o.s.j.d.DriverManagerDataSource - Creating new JDBC DriverManager Connection to [jdbc:mysql://mysql.mcscw3.le.ac.uk:3306/mic7]
15:57:35.018 [Test worker] DEBUG o.h.e.j.i.LogicalConnectionImpl - Obtained JDBC connection
15:57:35.018 [Test worker] DEBUG o.h.e.t.i.jdbc.JdbcTransaction - initial autocommit status: true
15:57:35.018 [Test worker] DEBUG o.h.e.t.i.jdbc.JdbcTransaction - disabling autocommit
15:57:35.019 [Test worker] DEBUG o.s.orm.jpa.JpaTransactionManager - Exposing JPA transaction as JDBC transaction [org.springframework.orm.jpa.vendor.HibernateJpaDialect$HibernateConnectionHandle@794ef819]
15:57:35.019 [Test worker] DEBUG o.h.jpa.criteria.CriteriaQueryImpl - Rendered criteria query -> select generatedAlias0 from User as generatedAlias0
15:57:35.019 [Test worker] DEBUG org.hibernate.SQL - select user0_.id as id1_4_, user0_.enabled as enabled2_4_, user0_.login as login3_4_, user0_.password as password4_4_, user0_1_.role_id as role_id1_3_ from users user0_ left outer join user_roles user0_1_ on user0_.id=user0_1_.user_id
15:57:35.021 [Test worker] DEBUG o.s.orm.jpa.JpaTransactionManager - Initiating transaction commit
15:57:35.021 [Test worker] DEBUG o.s.orm.jpa.JpaTransactionManager - Committing JPA transaction on EntityManager [org.hibernate.jpa.internal.EntityManagerImpl@457eb1f6]
15:57:35.021 [Test worker] DEBUG o.h.e.t.spi.AbstractTransactionImpl - committing
15:57:35.022 [Test worker] DEBUG o.h.e.t.i.jdbc.JdbcTransaction - committed JDBC Connection
15:57:35.022 [Test worker] DEBUG o.h.e.t.i.jdbc.JdbcTransaction - re-enabling autocommit
15:57:35.022 [Test worker] DEBUG o.s.orm.jpa.JpaTransactionManager - Closing JPA EntityManager [org.hibernate.jpa.internal.EntityManagerImpl@457eb1f6] after transaction
15:57:35.022 [Test worker] DEBUG o.s.o.jpa.EntityManagerFactoryUtils - Closing JPA EntityManager
15:57:35.022 [Test worker] DEBUG o.h.e.j.i.LogicalConnectionImpl - Releasing JDBC connection
15:57:35.022 [Test worker] DEBUG o.h.e.j.i.LogicalConnectionImpl - Released JDBC connection
15:57:35.023 [Test worker] DEBUG o.s.d.r.c.s.TransactionalRepositoryProxyPostProcessor$CustomAnnotationTransactionAttributeSource - Adding transactional method 'deleteAll' with attribute: PROPAGATION_REQUIRED,ISOLATION_DEFAULT; ''
15:57:35.023 [Test worker] DEBUG o.s.b.f.s.DefaultListableBeanFactory - Returning cached instance of singleton bean 'transactionManager'
15:57:35.023 [Test worker] DEBUG o.s.orm.jpa.JpaTransactionManager - Creating new transaction with name [org.springframework.data.jpa.repository.support.SimpleJpaRepository.deleteAll]: PROPAGATION_REQUIRED,ISOLATION_DEFAULT; ''
15:57:35.023 [Test worker] DEBUG o.s.orm.jpa.JpaTransactionManager - Opened new EntityManager [org.hibernate.jpa.internal.EntityManagerImpl@7bec92e8] for JPA transaction
15:57:35.023 [Test worker] DEBUG o.h.e.t.spi.AbstractTransactionImpl - begin
15:57:35.023 [Test worker] DEBUG o.h.e.j.i.LogicalConnectionImpl - Obtaining JDBC connection
15:57:35.023 [Test worker] DEBUG o.s.j.d.DriverManagerDataSource - Creating new JDBC DriverManager Connection to [jdbc:mysql://mysql.mcscw3.le.ac.uk:3306/mic7]
15:57:35.034 [Test worker] DEBUG o.h.e.j.i.LogicalConnectionImpl - Obtained JDBC connection
15:57:35.034 [Test worker] DEBUG o.h.e.t.i.jdbc.JdbcTransaction - initial autocommit status: true
15:57:35.034 [Test worker] DEBUG o.h.e.t.i.jdbc.JdbcTransaction - disabling autocommit
15:57:35.034 [Test worker] DEBUG o.s.orm.jpa.JpaTransactionManager - Exposing JPA transaction as JDBC transaction [org.springframework.orm.jpa.vendor.HibernateJpaDialect$HibernateConnectionHandle@5e220d1d]
15:57:35.035 [Test worker] DEBUG o.h.jpa.criteria.CriteriaQueryImpl - Rendered criteria query -> select generatedAlias0 from Version as generatedAlias0
15:57:35.035 [Test worker] DEBUG o.h.h.i.ast.QueryTranslatorImpl - parse() - HQL: select generatedAlias0 from webAppProject.domain.Version as generatedAlias0
15:57:35.036 [Test worker] DEBUG o.h.h.i.ast.QueryTranslatorImpl - --- HQL AST ---
 \-[QUERY] Node: 'query'
    \-[SELECT_FROM] Node: 'SELECT_FROM'
       +-[FROM] Node: 'from'
       |  \-[RANGE] Node: 'RANGE'
       |     +-[DOT] Node: '.'
       |     |  +-[DOT] Node: '.'
       |     |  |  +-[IDENT] Node: 'webAppProject'
       |     |  |  \-[IDENT] Node: 'domain'
       |     |  \-[IDENT] Node: 'Version'
       |     \-[ALIAS] Node: 'generatedAlias0'
       \-[SELECT] Node: 'select'
          \-[IDENT] Node: 'generatedAlias0'

15:57:35.036 [Test worker] DEBUG o.h.hql.internal.ast.ErrorCounter - throwQueryException() : no errors
15:57:35.036 [Test worker] DEBUG o.h.h.i.antlr.HqlSqlBaseWalker - select << begin [level=1, statement=select]
15:57:35.036 [Test worker] DEBUG o.h.h.internal.ast.tree.FromElement - FromClause{level=1} : webAppProject.domain.Version (generatedAlias0) -> version0_
15:57:35.036 [Test worker] DEBUG o.h.h.i.ast.tree.FromReferenceNode - Resolved : generatedAlias0 -> version0_.id
15:57:35.036 [Test worker] DEBUG o.h.h.i.antlr.HqlSqlBaseWalker - select : finishing up [level=1, statement=select]
15:57:35.036 [Test worker] DEBUG o.h.hql.internal.ast.HqlSqlWalker - processQuery() :  ( SELECT ( {select clause} version0_.id ) ( FromClause{level=1} version version0_ ) )
15:57:35.036 [Test worker] DEBUG o.h.h.i.ast.util.JoinProcessor - Using FROM fragment [version version0_]
15:57:35.036 [Test worker] DEBUG o.h.h.i.antlr.HqlSqlBaseWalker - select >> end [level=1, statement=select]
15:57:35.036 [Test worker] DEBUG o.h.h.i.ast.QueryTranslatorImpl - --- SQL AST ---
 \-[SELECT] QueryNode: 'SELECT'  querySpaces (version)
    +-[SELECT_CLAUSE] SelectClause: '{select clause}'
    |  +-[ALIAS_REF] IdentNode: 'version0_.id as id1_5_' {alias=generatedAlias0, className=webAppProject.domain.Version, tableAlias=version0_}
    |  \-[SQL_TOKEN] SqlFragment: 'version0_.description as descript2_5_, version0_.sciid as sciid4_5_, version0_.version as version3_5_'
    \-[FROM] FromClause: 'from' FromClause{level=1, fromElementCounter=1, fromElements=1, fromElementByClassAlias=[generatedAlias0], fromElementByTableAlias=[version0_], fromElementsByPath=[], collectionJoinFromElementsByPath=[], impliedElements=[]}
       \-[FROM_FRAGMENT] FromElement: 'version version0_' FromElement{explicit,not a collection join,not a fetch join,fetch non-lazy properties,classAlias=generatedAlias0,role=null,tableName=version,tableAlias=version0_,origin=null,columns={,className=webAppProject.domain.Version}}

15:57:35.036 [Test worker] DEBUG o.h.hql.internal.ast.ErrorCounter - throwQueryException() : no errors
15:57:35.036 [Test worker] DEBUG o.h.h.i.ast.QueryTranslatorImpl - HQL: select generatedAlias0 from webAppProject.domain.Version as generatedAlias0
15:57:35.036 [Test worker] DEBUG o.h.h.i.ast.QueryTranslatorImpl - SQL: select version0_.id as id1_5_, version0_.description as descript2_5_, version0_.sciid as sciid4_5_, version0_.version as version3_5_ from version version0_
15:57:35.036 [Test worker] DEBUG o.h.hql.internal.ast.ErrorCounter - throwQueryException() : no errors
15:57:35.036 [Test worker] DEBUG o.s.d.j.r.s.CrudMethodMetadataPostProcessor$ThreadBoundTargetSource - Initializing lazy target object
15:57:35.037 [Test worker] DEBUG org.hibernate.SQL - select version0_.id as id1_5_, version0_.description as descript2_5_, version0_.sciid as sciid4_5_, version0_.version as version3_5_ from version version0_
15:57:35.037 [Test worker] DEBUG org.hibernate.loader.Loader - Result set row: 0
15:57:35.037 [Test worker] DEBUG org.hibernate.loader.Loader - Result row: EntityKey[webAppProject.domain.Version#1]
15:57:35.038 [Test worker] DEBUG o.h.engine.internal.TwoPhaseLoad - Resolving associations for [webAppProject.domain.Version#1]
15:57:35.038 [Test worker] DEBUG o.h.engine.internal.TwoPhaseLoad - Done materializing entity [webAppProject.domain.Version#1]
15:57:35.038 [Test worker] DEBUG o.s.orm.jpa.JpaTransactionManager - Initiating transaction commit
15:57:35.038 [Test worker] DEBUG o.s.orm.jpa.JpaTransactionManager - Committing JPA transaction on EntityManager [org.hibernate.jpa.internal.EntityManagerImpl@7bec92e8]
15:57:35.038 [Test worker] DEBUG o.h.e.t.spi.AbstractTransactionImpl - committing
15:57:35.038 [Test worker] DEBUG o.h.e.i.AbstractFlushingEventListener - Processing flush-time cascades
15:57:35.038 [Test worker] DEBUG o.h.e.i.AbstractFlushingEventListener - Dirty checking collections
15:57:35.038 [Test worker] DEBUG o.h.e.i.AbstractFlushingEventListener - Flushed: 0 insertions, 0 updates, 1 deletions to 1 objects
15:57:35.038 [Test worker] DEBUG o.h.e.i.AbstractFlushingEventListener - Flushed: 0 (re)creations, 0 updates, 0 removals to 0 collections
15:57:35.039 [Test worker] DEBUG o.h.internal.util.EntityPrinter - Listing entities:
15:57:35.039 [Test worker] DEBUG o.h.internal.util.EntityPrinter - webAppProject.domain.Version{sci=null, description=null, id=1, version=version_1}
15:57:35.039 [Test worker] DEBUG org.hibernate.SQL - delete from version where id=?
15:57:35.047 [Test worker] DEBUG o.h.e.t.i.jdbc.JdbcTransaction - committed JDBC Connection
15:57:35.047 [Test worker] DEBUG o.h.e.t.i.jdbc.JdbcTransaction - re-enabling autocommit
15:57:35.050 [Test worker] DEBUG o.s.orm.jpa.JpaTransactionManager - Closing JPA EntityManager [org.hibernate.jpa.internal.EntityManagerImpl@7bec92e8] after transaction
15:57:35.050 [Test worker] DEBUG o.s.o.jpa.EntityManagerFactoryUtils - Closing JPA EntityManager
15:57:35.050 [Test worker] DEBUG o.h.e.j.internal.JdbcCoordinatorImpl - HHH000420: Closing un-released batch
15:57:35.050 [Test worker] DEBUG o.h.e.j.i.LogicalConnectionImpl - Releasing JDBC connection
15:57:35.050 [Test worker] DEBUG o.h.e.j.i.LogicalConnectionImpl - Released JDBC connection
15:57:35.050 [Test worker] DEBUG o.s.d.r.c.s.TransactionalRepositoryProxyPostProcessor$CustomAnnotationTransactionAttributeSource - Adding transactional method 'deleteAll' with attribute: PROPAGATION_REQUIRED,ISOLATION_DEFAULT; ''
15:57:35.051 [Test worker] DEBUG o.s.b.f.s.DefaultListableBeanFactory - Returning cached instance of singleton bean 'transactionManager'
15:57:35.051 [Test worker] DEBUG o.s.orm.jpa.JpaTransactionManager - Creating new transaction with name [org.springframework.data.jpa.repository.support.SimpleJpaRepository.deleteAll]: PROPAGATION_REQUIRED,ISOLATION_DEFAULT; ''
15:57:35.051 [Test worker] DEBUG o.s.orm.jpa.JpaTransactionManager - Opened new EntityManager [org.hibernate.jpa.internal.EntityManagerImpl@ec7f46b] for JPA transaction
15:57:35.051 [Test worker] DEBUG o.h.e.t.spi.AbstractTransactionImpl - begin
15:57:35.051 [Test worker] DEBUG o.h.e.j.i.LogicalConnectionImpl - Obtaining JDBC connection
15:57:35.051 [Test worker] DEBUG o.s.j.d.DriverManagerDataSource - Creating new JDBC DriverManager Connection to [jdbc:mysql://mysql.mcscw3.le.ac.uk:3306/mic7]
15:57:35.061 [Test worker] DEBUG o.h.e.j.i.LogicalConnectionImpl - Obtained JDBC connection
15:57:35.061 [Test worker] DEBUG o.h.e.t.i.jdbc.JdbcTransaction - initial autocommit status: true
15:57:35.061 [Test worker] DEBUG o.h.e.t.i.jdbc.JdbcTransaction - disabling autocommit
15:57:35.062 [Test worker] DEBUG o.s.orm.jpa.JpaTransactionManager - Exposing JPA transaction as JDBC transaction [org.springframework.orm.jpa.vendor.HibernateJpaDialect$HibernateConnectionHandle@7d63af72]
15:57:35.062 [Test worker] DEBUG o.h.jpa.criteria.CriteriaQueryImpl - Rendered criteria query -> select generatedAlias0 from SCI as generatedAlias0
15:57:35.062 [Test worker] DEBUG o.h.h.i.ast.QueryTranslatorImpl - parse() - HQL: select generatedAlias0 from webAppProject.domain.SCI as generatedAlias0
15:57:35.063 [Test worker] DEBUG o.h.h.i.ast.QueryTranslatorImpl - --- HQL AST ---
 \-[QUERY] Node: 'query'
    \-[SELECT_FROM] Node: 'SELECT_FROM'
       +-[FROM] Node: 'from'
       |  \-[RANGE] Node: 'RANGE'
       |     +-[DOT] Node: '.'
       |     |  +-[DOT] Node: '.'
       |     |  |  +-[IDENT] Node: 'webAppProject'
       |     |  |  \-[IDENT] Node: 'domain'
       |     |  \-[IDENT] Node: 'SCI'
       |     \-[ALIAS] Node: 'generatedAlias0'
       \-[SELECT] Node: 'select'
          \-[IDENT] Node: 'generatedAlias0'

15:57:35.063 [Test worker] DEBUG o.h.hql.internal.ast.ErrorCounter - throwQueryException() : no errors
15:57:35.063 [Test worker] DEBUG o.h.h.i.antlr.HqlSqlBaseWalker - select << begin [level=1, statement=select]
15:57:35.064 [Test worker] DEBUG o.h.h.internal.ast.tree.FromElement - FromClause{level=1} : webAppProject.domain.SCI (generatedAlias0) -> sci0_
15:57:35.064 [Test worker] DEBUG o.h.h.i.ast.tree.FromReferenceNode - Resolved : generatedAlias0 -> sci0_.id
15:57:35.064 [Test worker] DEBUG o.h.h.i.antlr.HqlSqlBaseWalker - select : finishing up [level=1, statement=select]
15:57:35.064 [Test worker] DEBUG o.h.hql.internal.ast.HqlSqlWalker - processQuery() :  ( SELECT ( {select clause} sci0_.id ) ( FromClause{level=1} sci sci0_ ) )
15:57:35.064 [Test worker] DEBUG o.h.h.i.ast.util.JoinProcessor - Using FROM fragment [sci sci0_]
15:57:35.064 [Test worker] DEBUG o.h.h.i.antlr.HqlSqlBaseWalker - select >> end [level=1, statement=select]
15:57:35.064 [Test worker] DEBUG o.h.h.i.ast.QueryTranslatorImpl - --- SQL AST ---
 \-[SELECT] QueryNode: 'SELECT'  querySpaces (sci)
    +-[SELECT_CLAUSE] SelectClause: '{select clause}'
    |  +-[ALIAS_REF] IdentNode: 'sci0_.id as id1_2_' {alias=generatedAlias0, className=webAppProject.domain.SCI, tableAlias=sci0_}
    |  \-[SQL_TOKEN] SqlFragment: 'sci0_.name as name2_2_'
    \-[FROM] FromClause: 'from' FromClause{level=1, fromElementCounter=1, fromElements=1, fromElementByClassAlias=[generatedAlias0], fromElementByTableAlias=[sci0_], fromElementsByPath=[], collectionJoinFromElementsByPath=[], impliedElements=[]}
       \-[FROM_FRAGMENT] FromElement: 'sci sci0_' FromElement{explicit,not a collection join,not a fetch join,fetch non-lazy properties,classAlias=generatedAlias0,role=null,tableName=sci,tableAlias=sci0_,origin=null,columns={,className=webAppProject.domain.SCI}}

15:57:35.065 [Test worker] DEBUG o.h.hql.internal.ast.ErrorCounter - throwQueryException() : no errors
15:57:35.065 [Test worker] DEBUG o.h.h.i.ast.QueryTranslatorImpl - HQL: select generatedAlias0 from webAppProject.domain.SCI as generatedAlias0
15:57:35.065 [Test worker] DEBUG o.h.h.i.ast.QueryTranslatorImpl - SQL: select sci0_.id as id1_2_, sci0_.name as name2_2_ from sci sci0_
15:57:35.065 [Test worker] DEBUG o.h.hql.internal.ast.ErrorCounter - throwQueryException() : no errors
15:57:35.065 [Test worker] DEBUG o.s.d.j.r.s.CrudMethodMetadataPostProcessor$ThreadBoundTargetSource - Initializing lazy target object
15:57:35.065 [Test worker] DEBUG org.hibernate.SQL - select sci0_.id as id1_2_, sci0_.name as name2_2_ from sci sci0_
15:57:35.067 [Test worker] DEBUG o.s.orm.jpa.JpaTransactionManager - Initiating transaction commit
15:57:35.067 [Test worker] DEBUG o.s.orm.jpa.JpaTransactionManager - Committing JPA transaction on EntityManager [org.hibernate.jpa.internal.EntityManagerImpl@ec7f46b]
15:57:35.067 [Test worker] DEBUG o.h.e.t.spi.AbstractTransactionImpl - committing
15:57:35.067 [Test worker] DEBUG o.h.e.t.i.jdbc.JdbcTransaction - committed JDBC Connection
15:57:35.067 [Test worker] DEBUG o.h.e.t.i.jdbc.JdbcTransaction - re-enabling autocommit
15:57:35.068 [Test worker] DEBUG o.s.orm.jpa.JpaTransactionManager - Closing JPA EntityManager [org.hibernate.jpa.internal.EntityManagerImpl@ec7f46b] after transaction
15:57:35.068 [Test worker] DEBUG o.s.o.jpa.EntityManagerFactoryUtils - Closing JPA EntityManager
15:57:35.068 [Test worker] DEBUG o.h.e.j.i.LogicalConnectionImpl - Releasing JDBC connection
15:57:35.068 [Test worker] DEBUG o.h.e.j.i.LogicalConnectionImpl - Released JDBC connection
15:57:35.082 [Test worker] DEBUG o.s.t.c.s.DirtiesContextTestExecutionListener - After test class: context [DefaultTestContext@6f6037fc testClass = CompleteRequestSteps, testInstance = [null], testMethod = [null], testException = [null], mergedContextConfiguration = [WebMergedContextConfiguration@12f95c20 testClass = CompleteRequestSteps, locations = '{}', classes = '{class webAppProject.webAppProjectApplication, class webAppProject.SecurityConfig, class webAppProject.WebConfig}', contextInitializerClasses = '[]', activeProfiles = '{}', propertySourceLocations = '{}', propertySourceProperties = '{}', resourceBasePath = 'src/main/webapp', contextLoader = 'org.springframework.test.context.web.WebDelegatingSmartContextLoader', parent = [null]]], class annotated with @DirtiesContext [false] with mode [null].
15:57:35.149 [Test worker] DEBUG o.s.t.w.s.TestDispatcherServlet - DispatcherServlet with name '' processing POST request for [/evalRequest]
15:57:35.149 [Test worker] DEBUG o.s.w.s.m.m.a.RequestMappingHandlerMapping - Looking up handler method for path /evalRequest
15:57:35.149 [Test worker] DEBUG o.s.w.s.m.m.a.RequestMappingHandlerMapping - Returning handler method [public java.lang.String webAppProject.controller.RequestController.evaluateRequest(java.lang.String,java.lang.String,java.lang.String,java.lang.String,java.lang.String,java.lang.String)]
15:57:35.149 [Test worker] DEBUG o.s.b.f.s.DefaultListableBeanFactory - Returning cached instance of singleton bean 'requestController'
15:57:35.149 [Test worker] DEBUG o.s.o.j.s.OpenEntityManagerInViewInterceptor - Opening JPA EntityManager in OpenEntityManagerInViewInterceptor
15:57:35.150 [Test worker] DEBUG o.h.jpa.criteria.CriteriaQueryImpl - Rendered criteria query -> select generatedAlias0 from Request as generatedAlias0 where generatedAlias0.problem=:param0
15:57:35.150 [Test worker] DEBUG org.hibernate.SQL - select request0_.id as id1_0_, request0_.assessment as assessme2_0_, request0_.completion as completi3_0_, request0_.deadline as deadline4_0_, request0_.developer as develope5_0_, request0_.priority as priority6_0_, request0_.problem as problem7_0_, request0_.req_type as req_type8_0_, request0_.solution as solution9_0_, request0_.status as status10_0_, request0_.versionid as version11_0_ from requests request0_ where request0_.problem=?
15:57:35.150 [Test worker] DEBUG o.h.e.j.i.LogicalConnectionImpl - Obtaining JDBC connection
15:57:35.150 [Test worker] DEBUG o.s.j.d.DriverManagerDataSource - Creating new JDBC DriverManager Connection to [jdbc:mysql://mysql.mcscw3.le.ac.uk:3306/mic7]
15:57:35.161 [Test worker] DEBUG o.h.e.j.i.LogicalConnectionImpl - Obtained JDBC connection
15:57:35.164 [Test worker] DEBUG org.hibernate.loader.Loader - Result set row: 0
15:57:35.164 [Test worker] DEBUG org.hibernate.loader.Loader - Result row: EntityKey[webAppProject.domain.Request#2]
15:57:35.164 [Test worker] DEBUG o.h.engine.internal.TwoPhaseLoad - Resolving associations for [webAppProject.domain.Request#2]
15:57:35.164 [Test worker] DEBUG o.h.engine.internal.TwoPhaseLoad - Done materializing entity [webAppProject.domain.Request#2]
15:57:35.166 [Test worker] DEBUG o.s.orm.jpa.JpaTransactionManager - Found thread-bound EntityManager [org.hibernate.jpa.internal.EntityManagerImpl@6126837d] for JPA transaction
15:57:35.166 [Test worker] DEBUG o.s.orm.jpa.JpaTransactionManager - Creating new transaction with name [org.springframework.data.jpa.repository.support.SimpleJpaRepository.save]: PROPAGATION_REQUIRED,ISOLATION_DEFAULT; ''
15:57:35.166 [Test worker] DEBUG o.h.e.t.spi.AbstractTransactionImpl - begin
15:57:35.166 [Test worker] DEBUG o.h.e.t.i.jdbc.JdbcTransaction - initial autocommit status: true
15:57:35.166 [Test worker] DEBUG o.h.e.t.i.jdbc.JdbcTransaction - disabling autocommit
15:57:35.167 [Test worker] DEBUG o.s.orm.jpa.JpaTransactionManager - Exposing JPA transaction as JDBC transaction [org.springframework.orm.jpa.vendor.HibernateJpaDialect$HibernateConnectionHandle@2723a68b]
15:57:35.167 [Test worker] DEBUG o.s.orm.jpa.JpaTransactionManager - Initiating transaction commit
15:57:35.167 [Test worker] DEBUG o.s.orm.jpa.JpaTransactionManager - Committing JPA transaction on EntityManager [org.hibernate.jpa.internal.EntityManagerImpl@6126837d]
15:57:35.168 [Test worker] DEBUG o.h.e.t.spi.AbstractTransactionImpl - committing
15:57:35.168 [Test worker] DEBUG o.h.e.i.AbstractFlushingEventListener - Processing flush-time cascades
15:57:35.168 [Test worker] DEBUG o.h.e.i.AbstractFlushingEventListener - Dirty checking collections
15:57:35.168 [Test worker] DEBUG o.h.e.i.AbstractFlushingEventListener - Flushed: 0 insertions, 1 updates, 0 deletions to 1 objects
15:57:35.168 [Test worker] DEBUG o.h.e.i.AbstractFlushingEventListener - Flushed: 0 (re)creations, 0 updates, 0 removals to 0 collections
15:57:35.168 [Test worker] DEBUG o.h.internal.util.EntityPrinter - Listing entities:
15:57:35.168 [Test worker] DEBUG o.h.internal.util.EntityPrinter - webAppProject.domain.Request{assessment=, completion=null, problem=Fault, solution=solution, reqType=Fault, developer=A, id=2, deadline=17-11-2015, priority=high, version=null, status=accepted}
15:57:35.168 [Test worker] DEBUG org.hibernate.SQL - update requests set assessment=?, completion=?, deadline=?, developer=?, priority=?, problem=?, req_type=?, solution=?, status=?, versionid=? where id=?
15:57:35.172 [Test worker] DEBUG o.h.e.t.i.jdbc.JdbcTransaction - committed JDBC Connection
15:57:35.172 [Test worker] DEBUG o.h.e.t.i.jdbc.JdbcTransaction - re-enabling autocommit
15:57:35.173 [Test worker] DEBUG o.s.orm.jpa.JpaTransactionManager - Not closing pre-bound JPA EntityManager after transaction
15:57:35.173 [Test worker] DEBUG o.s.t.w.s.TestDispatcherServlet - Rendering view [org.springframework.web.servlet.view.RedirectView: name 'redirect:/evaluate-request'; URL [/evaluate-request]] in DispatcherServlet with name ''
15:57:35.173 [Test worker] DEBUG o.s.b.f.s.DefaultListableBeanFactory - Returning cached instance of singleton bean 'requestDataValueProcessor'
15:57:35.173 [Test worker] DEBUG o.s.o.j.s.OpenEntityManagerInViewInterceptor - Closing JPA EntityManager in OpenEntityManagerInViewInterceptor
15:57:35.174 [Test worker] DEBUG o.s.o.jpa.EntityManagerFactoryUtils - Closing JPA EntityManager
15:57:35.174 [Test worker] DEBUG o.h.e.j.internal.JdbcCoordinatorImpl - HHH000420: Closing un-released batch
15:57:35.174 [Test worker] DEBUG o.h.e.j.i.LogicalConnectionImpl - Releasing JDBC connection
15:57:35.174 [Test worker] DEBUG o.h.e.j.i.LogicalConnectionImpl - Released JDBC connection
15:57:35.174 [Test worker] DEBUG o.s.t.w.s.TestDispatcherServlet - Successfully completed request
15:57:35.177 [Test worker] DEBUG o.s.orm.jpa.JpaTransactionManager - Creating new transaction with name [org.springframework.data.jpa.repository.support.SimpleJpaRepository.deleteAll]: PROPAGATION_REQUIRED,ISOLATION_DEFAULT; ''
15:57:35.177 [Test worker] DEBUG o.s.orm.jpa.JpaTransactionManager - Opened new EntityManager [org.hibernate.jpa.internal.EntityManagerImpl@7f99f9a5] for JPA transaction
15:57:35.177 [Test worker] DEBUG o.h.e.t.spi.AbstractTransactionImpl - begin
15:57:35.177 [Test worker] DEBUG o.h.e.j.i.LogicalConnectionImpl - Obtaining JDBC connection
15:57:35.177 [Test worker] DEBUG o.s.j.d.DriverManagerDataSource - Creating new JDBC DriverManager Connection to [jdbc:mysql://mysql.mcscw3.le.ac.uk:3306/mic7]
15:57:35.188 [Test worker] DEBUG o.h.e.j.i.LogicalConnectionImpl - Obtained JDBC connection
15:57:35.188 [Test worker] DEBUG o.h.e.t.i.jdbc.JdbcTransaction - initial autocommit status: true
15:57:35.188 [Test worker] DEBUG o.h.e.t.i.jdbc.JdbcTransaction - disabling autocommit
15:57:35.189 [Test worker] DEBUG o.s.orm.jpa.JpaTransactionManager - Exposing JPA transaction as JDBC transaction [org.springframework.orm.jpa.vendor.HibernateJpaDialect$HibernateConnectionHandle@4e3e9808]
15:57:35.189 [Test worker] DEBUG o.h.jpa.criteria.CriteriaQueryImpl - Rendered criteria query -> select generatedAlias0 from Request as generatedAlias0
15:57:35.189 [Test worker] DEBUG org.hibernate.SQL - select request0_.id as id1_0_, request0_.assessment as assessme2_0_, request0_.completion as completi3_0_, request0_.deadline as deadline4_0_, request0_.developer as develope5_0_, request0_.priority as priority6_0_, request0_.problem as problem7_0_, request0_.req_type as req_type8_0_, request0_.solution as solution9_0_, request0_.status as status10_0_, request0_.versionid as version11_0_ from requests request0_
15:57:35.190 [Test worker] DEBUG org.hibernate.loader.Loader - Result set row: 0
15:57:35.190 [Test worker] DEBUG org.hibernate.loader.Loader - Result row: EntityKey[webAppProject.domain.Request#2]
15:57:35.190 [Test worker] DEBUG o.h.engine.internal.TwoPhaseLoad - Resolving associations for [webAppProject.domain.Request#2]
15:57:35.191 [Test worker] DEBUG o.h.engine.internal.TwoPhaseLoad - Done materializing entity [webAppProject.domain.Request#2]
15:57:35.191 [Test worker] DEBUG o.s.orm.jpa.JpaTransactionManager - Initiating transaction commit
15:57:35.192 [Test worker] DEBUG o.s.orm.jpa.JpaTransactionManager - Committing JPA transaction on EntityManager [org.hibernate.jpa.internal.EntityManagerImpl@7f99f9a5]
15:57:35.192 [Test worker] DEBUG o.h.e.t.spi.AbstractTransactionImpl - committing
15:57:35.192 [Test worker] DEBUG o.h.e.i.AbstractFlushingEventListener - Processing flush-time cascades
15:57:35.192 [Test worker] DEBUG o.h.e.i.AbstractFlushingEventListener - Dirty checking collections
15:57:35.192 [Test worker] DEBUG o.h.e.i.AbstractFlushingEventListener - Flushed: 0 insertions, 0 updates, 1 deletions to 1 objects
15:57:35.192 [Test worker] DEBUG o.h.e.i.AbstractFlushingEventListener - Flushed: 0 (re)creations, 0 updates, 0 removals to 0 collections
15:57:35.192 [Test worker] DEBUG o.h.internal.util.EntityPrinter - Listing entities:
15:57:35.192 [Test worker] DEBUG o.h.internal.util.EntityPrinter - webAppProject.domain.Request{assessment=, completion=null, problem=Fault, solution=solution, reqType=Fault, developer=A, id=2, deadline=17-11-2015, priority=high, version=null, status=accepted}
15:57:35.192 [Test worker] DEBUG org.hibernate.SQL - delete from requests where id=?
15:57:35.196 [Test worker] DEBUG o.h.e.t.i.jdbc.JdbcTransaction - committed JDBC Connection
15:57:35.196 [Test worker] DEBUG o.h.e.t.i.jdbc.JdbcTransaction - re-enabling autocommit
15:57:35.197 [Test worker] DEBUG o.s.orm.jpa.JpaTransactionManager - Closing JPA EntityManager [org.hibernate.jpa.internal.EntityManagerImpl@7f99f9a5] after transaction
15:57:35.197 [Test worker] DEBUG o.s.o.jpa.EntityManagerFactoryUtils - Closing JPA EntityManager
15:57:35.197 [Test worker] DEBUG o.h.e.j.internal.JdbcCoordinatorImpl - HHH000420: Closing un-released batch
15:57:35.197 [Test worker] DEBUG o.h.e.j.i.LogicalConnectionImpl - Releasing JDBC connection
15:57:35.197 [Test worker] DEBUG o.h.e.j.i.LogicalConnectionImpl - Released JDBC connection
15:57:35.197 [Test worker] DEBUG o.s.orm.jpa.JpaTransactionManager - Creating new transaction with name [org.springframework.data.jpa.repository.support.SimpleJpaRepository.deleteAll]: PROPAGATION_REQUIRED,ISOLATION_DEFAULT; ''
15:57:35.197 [Test worker] DEBUG o.s.orm.jpa.JpaTransactionManager - Opened new EntityManager [org.hibernate.jpa.internal.EntityManagerImpl@343ac1fc] for JPA transaction
15:57:35.197 [Test worker] DEBUG o.h.e.t.spi.AbstractTransactionImpl - begin
15:57:35.197 [Test worker] DEBUG o.h.e.j.i.LogicalConnectionImpl - Obtaining JDBC connection
15:57:35.197 [Test worker] DEBUG o.s.j.d.DriverManagerDataSource - Creating new JDBC DriverManager Connection to [jdbc:mysql://mysql.mcscw3.le.ac.uk:3306/mic7]
15:57:35.209 [Test worker] DEBUG o.h.e.j.i.LogicalConnectionImpl - Obtained JDBC connection
15:57:35.209 [Test worker] DEBUG o.h.e.t.i.jdbc.JdbcTransaction - initial autocommit status: true
15:57:35.209 [Test worker] DEBUG o.h.e.t.i.jdbc.JdbcTransaction - disabling autocommit
15:57:35.209 [Test worker] DEBUG o.s.orm.jpa.JpaTransactionManager - Exposing JPA transaction as JDBC transaction [org.springframework.orm.jpa.vendor.HibernateJpaDialect$HibernateConnectionHandle@2ba9d6c0]
15:57:35.210 [Test worker] DEBUG o.h.jpa.criteria.CriteriaQueryImpl - Rendered criteria query -> select generatedAlias0 from User as generatedAlias0
15:57:35.210 [Test worker] DEBUG org.hibernate.SQL - select user0_.id as id1_4_, user0_.enabled as enabled2_4_, user0_.login as login3_4_, user0_.password as password4_4_, user0_1_.role_id as role_id1_3_ from users user0_ left outer join user_roles user0_1_ on user0_.id=user0_1_.user_id
15:57:35.212 [Test worker] DEBUG o.s.orm.jpa.JpaTransactionManager - Initiating transaction commit
15:57:35.212 [Test worker] DEBUG o.s.orm.jpa.JpaTransactionManager - Committing JPA transaction on EntityManager [org.hibernate.jpa.internal.EntityManagerImpl@343ac1fc]
15:57:35.212 [Test worker] DEBUG o.h.e.t.spi.AbstractTransactionImpl - committing
15:57:35.212 [Test worker] DEBUG o.h.e.t.i.jdbc.JdbcTransaction - committed JDBC Connection
15:57:35.212 [Test worker] DEBUG o.h.e.t.i.jdbc.JdbcTransaction - re-enabling autocommit
15:57:35.213 [Test worker] DEBUG o.s.orm.jpa.JpaTransactionManager - Closing JPA EntityManager [org.hibernate.jpa.internal.EntityManagerImpl@343ac1fc] after transaction
15:57:35.213 [Test worker] DEBUG o.s.o.jpa.EntityManagerFactoryUtils - Closing JPA EntityManager
15:57:35.213 [Test worker] DEBUG o.h.e.j.i.LogicalConnectionImpl - Releasing JDBC connection
15:57:35.214 [Test worker] DEBUG o.h.e.j.i.LogicalConnectionImpl - Released JDBC connection
15:57:35.214 [Test worker] DEBUG o.s.orm.jpa.JpaTransactionManager - Creating new transaction with name [org.springframework.data.jpa.repository.support.SimpleJpaRepository.deleteAll]: PROPAGATION_REQUIRED,ISOLATION_DEFAULT; ''
15:57:35.214 [Test worker] DEBUG o.s.orm.jpa.JpaTransactionManager - Opened new EntityManager [org.hibernate.jpa.internal.EntityManagerImpl@427f2b51] for JPA transaction
15:57:35.214 [Test worker] DEBUG o.h.e.t.spi.AbstractTransactionImpl - begin
15:57:35.214 [Test worker] DEBUG o.h.e.j.i.LogicalConnectionImpl - Obtaining JDBC connection
15:57:35.214 [Test worker] DEBUG o.s.j.d.DriverManagerDataSource - Creating new JDBC DriverManager Connection to [jdbc:mysql://mysql.mcscw3.le.ac.uk:3306/mic7]
15:57:35.224 [Test worker] DEBUG o.h.e.j.i.LogicalConnectionImpl - Obtained JDBC connection
15:57:35.224 [Test worker] DEBUG o.h.e.t.i.jdbc.JdbcTransaction - initial autocommit status: true
15:57:35.224 [Test worker] DEBUG o.h.e.t.i.jdbc.JdbcTransaction - disabling autocommit
15:57:35.225 [Test worker] DEBUG o.s.orm.jpa.JpaTransactionManager - Exposing JPA transaction as JDBC transaction [org.springframework.orm.jpa.vendor.HibernateJpaDialect$HibernateConnectionHandle@79e3c166]
[...]
15:57:37.160 [Test worker] DEBUG o.h.jpa.criteria.CriteriaQueryImpl - Rendered criteria query -> select generatedAlias0 from Request as generatedAlias0
15:57:37.160 [Test worker] DEBUG org.hibernate.SQL - select request0_.id as id1_0_, request0_.assessment as assessme2_0_, request0_.completion as completi3_0_, request0_.deadline as deadline4_0_, request0_.developer as develope5_0_, request0_.priority as priority6_0_, request0_.problem as problem7_0_, request0_.req_type as req_type8_0_, request0_.solution as solution9_0_, request0_.status as status10_0_, request0_.versionid as version11_0_ from requests request0_
15:57:37.161 [Test worker] DEBUG o.s.orm.jpa.JpaTransactionManager - Initiating transaction commit
15:57:37.161 [Test worker] DEBUG o.s.orm.jpa.JpaTransactionManager - Committing JPA transaction on EntityManager [org.hibernate.jpa.internal.EntityManagerImpl@bc558b]
15:57:37.161 [Test worker] DEBUG o.h.e.t.spi.AbstractTransactionImpl - committing
15:57:37.162 [Test worker] DEBUG o.h.e.t.i.jdbc.JdbcTransaction - committed JDBC Connection
15:57:37.162 [Test worker] DEBUG o.h.e.t.i.jdbc.JdbcTransaction - re-enabling autocommit
15:57:37.162 [Test worker] DEBUG o.s.orm.jpa.JpaTransactionManager - Closing JPA EntityManager [org.hibernate.jpa.internal.EntityManagerImpl@bc558b] after transaction
15:57:37.162 [Test worker] DEBUG o.s.o.jpa.EntityManagerFactoryUtils - Closing JPA EntityManager
15:57:37.162 [Test worker] DEBUG o.h.e.j.i.LogicalConnectionImpl - Releasing JDBC connection
15:57:37.162 [Test worker] DEBUG o.h.e.j.i.LogicalConnectionImpl - Released JDBC connection
15:57:37.163 [Test worker] DEBUG o.s.orm.jpa.JpaTransactionManager - Creating new transaction with name [org.springframework.data.jpa.repository.support.SimpleJpaRepository.deleteAll]: PROPAGATION_REQUIRED,ISOLATION_DEFAULT; ''
15:57:37.163 [Test worker] DEBUG o.s.orm.jpa.JpaTransactionManager - Opened new EntityManager [org.hibernate.jpa.internal.EntityManagerImpl@2095fe2] for JPA transaction
15:57:37.163 [Test worker] DEBUG o.h.e.t.spi.AbstractTransactionImpl - begin
15:57:37.163 [Test worker] DEBUG o.h.e.j.i.LogicalConnectionImpl - Obtaining JDBC connection
15:57:37.163 [Test worker] DEBUG o.s.j.d.DriverManagerDataSource - Creating new JDBC DriverManager Connection to [jdbc:mysql://mysql.mcscw3.le.ac.uk:3306/mic7]
15:57:37.172 [Test worker] DEBUG o.h.e.j.i.LogicalConnectionImpl - Obtained JDBC connection
15:57:37.172 [Test worker] DEBUG o.h.e.t.i.jdbc.JdbcTransaction - initial autocommit status: true
15:57:37.172 [Test worker] DEBUG o.h.e.t.i.jdbc.JdbcTransaction - disabling autocommit
15:57:37.172 [Test worker] DEBUG o.s.orm.jpa.JpaTransactionManager - Exposing JPA transaction as JDBC transaction [org.springframework.orm.jpa.vendor.HibernateJpaDialect$HibernateConnectionHandle@fcd1959]
15:57:37.172 [Test worker] DEBUG o.h.jpa.criteria.CriteriaQueryImpl - Rendered criteria query -> select generatedAlias0 from User as generatedAlias0
15:57:37.173 [Test worker] DEBUG org.hibernate.SQL - select user0_.id as id1_4_, user0_.enabled as enabled2_4_, user0_.login as login3_4_, user0_.password as password4_4_, user0_1_.role_id as role_id1_3_ from users user0_ left outer join user_roles user0_1_ on user0_.id=user0_1_.user_id
15:57:37.174 [Test worker] DEBUG o.s.orm.jpa.JpaTransactionManager - Initiating transaction commit
15:57:37.174 [Test worker] DEBUG o.s.orm.jpa.JpaTransactionManager - Committing JPA transaction on EntityManager [org.hibernate.jpa.internal.EntityManagerImpl@2095fe2]
15:57:37.174 [Test worker] DEBUG o.h.e.t.spi.AbstractTransactionImpl - committing
15:57:37.174 [Test worker] DEBUG o.h.e.t.i.jdbc.JdbcTransaction - committed JDBC Connection
15:57:37.174 [Test worker] DEBUG o.h.e.t.i.jdbc.JdbcTransaction - re-enabling autocommit
15:57:37.175 [Test worker] DEBUG o.s.orm.jpa.JpaTransactionManager - Closing JPA EntityManager [org.hibernate.jpa.internal.EntityManagerImpl@2095fe2] after transaction
15:57:37.175 [Test worker] DEBUG o.s.o.jpa.EntityManagerFactoryUtils - Closing JPA EntityManager
15:57:37.175 [Test worker] DEBUG o.h.e.j.i.LogicalConnectionImpl - Releasing JDBC connection
15:57:37.175 [Test worker] DEBUG o.h.e.j.i.LogicalConnectionImpl - Released JDBC connection
15:57:37.175 [Test worker] DEBUG o.s.orm.jpa.JpaTransactionManager - Creating new transaction with name [org.springframework.data.jpa.repository.support.SimpleJpaRepository.deleteAll]: PROPAGATION_REQUIRED,ISOLATION_DEFAULT; ''
15:57:37.175 [Test worker] DEBUG o.s.orm.jpa.JpaTransactionManager - Opened new EntityManager [org.hibernate.jpa.internal.EntityManagerImpl@1a5d52fd] for JPA transaction
15:57:37.175 [Test worker] DEBUG o.h.e.t.spi.AbstractTransactionImpl - begin
15:57:37.175 [Test worker] DEBUG o.h.e.j.i.LogicalConnectionImpl - Obtaining JDBC connection
15:57:37.175 [Test worker] DEBUG o.s.j.d.DriverManagerDataSource - Creating new JDBC DriverManager Connection to [jdbc:mysql://mysql.mcscw3.le.ac.uk:3306/mic7]
15:57:37.185 [Test worker] DEBUG o.h.e.j.i.LogicalConnectionImpl - Obtained JDBC connection
15:57:37.185 [Test worker] DEBUG o.h.e.t.i.jdbc.JdbcTransaction - initial autocommit status: true
15:57:37.185 [Test worker] DEBUG o.h.e.t.i.jdbc.JdbcTransaction - disabling autocommit
15:57:37.186 [Test worker] DEBUG o.s.orm.jpa.JpaTransactionManager - Exposing JPA transaction as JDBC transaction [org.springframework.orm.jpa.vendor.HibernateJpaDialect$HibernateConnectionHandle@322eb1e3]
15:57:37.186 [Test worker] DEBUG o.h.jpa.criteria.CriteriaQueryImpl - Rendered criteria query -> select generatedAlias0 from Request as generatedAlias0
15:57:37.186 [Test worker] DEBUG org.hibernate.SQL - select request0_.id as id1_0_, request0_.assessment as assessme2_0_, request0_.completion as completi3_0_, request0_.deadline as deadline4_0_, request0_.developer as develope5_0_, request0_.priority as priority6_0_, request0_.problem as problem7_0_, request0_.req_type as req_type8_0_, request0_.solution as solution9_0_, request0_.status as status10_0_, request0_.versionid as version11_0_ from requests request0_
15:57:37.187 [Test worker] DEBUG o.s.orm.jpa.JpaTransactionManager - Initiating transaction commit
15:57:37.187 [Test worker] DEBUG o.s.orm.jpa.JpaTransactionManager - Committing JPA transaction on EntityManager [org.hibernate.jpa.internal.EntityManagerImpl@1a5d52fd]
15:57:37.187 [Test worker] DEBUG o.h.e.t.spi.AbstractTransactionImpl - committing
15:57:37.188 [Test worker] DEBUG o.h.e.t.i.jdbc.JdbcTransaction - committed JDBC Connection
15:57:37.188 [Test worker] DEBUG o.h.e.t.i.jdbc.JdbcTransaction - re-enabling autocommit
15:57:37.188 [Test worker] DEBUG o.s.orm.jpa.JpaTransactionManager - Closing JPA EntityManager [org.hibernate.jpa.internal.EntityManagerImpl@1a5d52fd] after transaction
15:57:37.188 [Test worker] DEBUG o.s.o.jpa.EntityManagerFactoryUtils - Closing JPA EntityManager
15:57:37.188 [Test worker] DEBUG o.h.e.j.i.LogicalConnectionImpl - Releasing JDBC connection
15:57:37.188 [Test worker] DEBUG o.h.e.j.i.LogicalConnectionImpl - Released JDBC connection
15:57:37.189 [Test worker] DEBUG o.s.orm.jpa.JpaTransactionManager - Creating new transaction with name [org.springframework.data.jpa.repository.support.SimpleJpaRepository.deleteAll]: PROPAGATION_REQUIRED,ISOLATION_DEFAULT; ''
15:57:37.189 [Test worker] DEBUG o.s.orm.jpa.JpaTransactionManager - Opened new EntityManager [org.hibernate.jpa.internal.EntityManagerImpl@3c97faf9] for JPA transaction
15:57:37.189 [Test worker] DEBUG o.h.e.t.spi.AbstractTransactionImpl - begin
15:57:37.189 [Test worker] DEBUG o.h.e.j.i.LogicalConnectionImpl - Obtaining JDBC connection
15:57:37.189 [Test worker] DEBUG o.s.j.d.DriverManagerDataSource - Creating new JDBC DriverManager Connection to [jdbc:mysql://mysql.mcscw3.le.ac.uk:3306/mic7]
15:57:37.199 [Test worker] DEBUG o.h.e.j.i.LogicalConnectionImpl - Obtained JDBC connection
15:57:37.199 [Test worker] DEBUG o.h.e.t.i.jdbc.JdbcTransaction - initial autocommit status: true
15:57:37.199 [Test worker] DEBUG o.h.e.t.i.jdbc.JdbcTransaction - disabling autocommit
15:57:37.199 [Test worker] DEBUG o.s.orm.jpa.JpaTransactionManager - Exposing JPA transaction as JDBC transaction [org.springframework.orm.jpa.vendor.HibernateJpaDialect$HibernateConnectionHandle@58ee9798]
15:57:37.199 [Test worker] DEBUG o.h.jpa.criteria.CriteriaQueryImpl - Rendered criteria query -> select generatedAlias0 from User as generatedAlias0
15:57:37.199 [Test worker] DEBUG org.hibernate.SQL - select user0_.id as id1_4_, user0_.enabled as enabled2_4_, user0_.login as login3_4_, user0_.password as password4_4_, user0_1_.role_id as role_id1_3_ from users user0_ left outer join user_roles user0_1_ on user0_.id=user0_1_.user_id
15:57:37.201 [Test worker] DEBUG o.s.orm.jpa.JpaTransactionManager - Initiating transaction commit
15:57:37.201 [Test worker] DEBUG o.s.orm.jpa.JpaTransactionManager - Committing JPA transaction on EntityManager [org.hibernate.jpa.internal.EntityManagerImpl@3c97faf9]
15:57:37.201 [Test worker] DEBUG o.h.e.t.spi.AbstractTransactionImpl - committing
15:57:37.201 [Test worker] DEBUG o.h.e.t.i.jdbc.JdbcTransaction - committed JDBC Connection
15:57:37.201 [Test worker] DEBUG o.h.e.t.i.jdbc.JdbcTransaction - re-enabling autocommit
15:57:37.202 [Test worker] DEBUG o.s.orm.jpa.JpaTransactionManager - Closing JPA EntityManager [org.hibernate.jpa.internal.EntityManagerImpl@3c97faf9] after transaction
15:57:37.202 [Test worker] DEBUG o.s.o.jpa.EntityManagerFactoryUtils - Closing JPA EntityManager
15:57:37.202 [Test worker] DEBUG o.h.e.j.i.LogicalConnectionImpl - Releasing JDBC connection
15:57:37.202 [Test worker] DEBUG o.h.e.j.i.LogicalConnectionImpl - Released JDBC connection
15:57:37.202 [Test worker] DEBUG o.s.orm.jpa.JpaTransactionManager - Creating new transaction with name [org.springframework.data.jpa.repository.support.SimpleJpaRepository.deleteAll]: PROPAGATION_REQUIRED,ISOLATION_DEFAULT; ''
15:57:37.202 [Test worker] DEBUG o.s.orm.jpa.JpaTransactionManager - Opened new EntityManager [org.hibernate.jpa.internal.EntityManagerImpl@14f839c5] for JPA transaction
15:57:37.202 [Test worker] DEBUG o.h.e.t.spi.AbstractTransactionImpl - begin
15:57:37.202 [Test worker] DEBUG o.h.e.j.i.LogicalConnectionImpl - Obtaining JDBC connection
15:57:37.202 [Test worker] DEBUG o.s.j.d.DriverManagerDataSource - Creating new JDBC DriverManager Connection to [jdbc:mysql://mysql.mcscw3.le.ac.uk:3306/mic7]
15:57:37.211 [Test worker] DEBUG o.h.e.j.i.LogicalConnectionImpl - Obtained JDBC connection
15:57:37.212 [Test worker] DEBUG o.h.e.t.i.jdbc.JdbcTransaction - initial autocommit status: true
15:57:37.212 [Test worker] DEBUG o.h.e.t.i.jdbc.JdbcTransaction - disabling autocommit
15:57:37.212 [Test worker] DEBUG o.s.orm.jpa.JpaTransactionManager - Exposing JPA transaction as JDBC transaction [org.springframework.orm.jpa.vendor.HibernateJpaDialect$HibernateConnectionHandle@22295067]
15:57:37.212 [Test worker] DEBUG o.h.jpa.criteria.CriteriaQueryImpl - Rendered criteria query -> select generatedAlias0 from Version as generatedAlias0
15:57:37.212 [Test worker] DEBUG org.hibernate.SQL - select version0_.id as id1_5_, version0_.description as descript2_5_, version0_.sciid as sciid4_5_, version0_.version as version3_5_ from version version0_
15:57:37.213 [Test worker] DEBUG org.hibernate.loader.Loader - Result set row: 0
15:57:37.213 [Test worker] DEBUG org.hibernate.loader.Loader - Result row: EntityKey[webAppProject.domain.Version#5]
15:57:37.213 [Test worker] DEBUG o.h.engine.internal.TwoPhaseLoad - Resolving associations for [webAppProject.domain.Version#5]
15:57:37.214 [Test worker] DEBUG org.hibernate.SQL - select sci0_.id as id1_2_0_, sci0_.name as name2_2_0_ from sci sci0_ where sci0_.id=?
15:57:37.214 [Test worker] DEBUG o.h.l.p.e.p.i.ResultSetProcessorImpl - Starting ResultSet row #0
15:57:37.214 [Test worker] DEBUG o.h.l.p.e.p.i.EntityReferenceInitializerImpl - On call to EntityIdentifierReaderImpl#resolve, EntityKey was already known; should only happen on root returns with an optional identifier specified
15:57:37.214 [Test worker] DEBUG o.h.engine.internal.TwoPhaseLoad - Resolving associations for [webAppProject.domain.SCI#4]
15:57:37.214 [Test worker] DEBUG o.h.engine.internal.TwoPhaseLoad - Done materializing entity [webAppProject.domain.SCI#4]
15:57:37.215 [Test worker] DEBUG o.h.l.e.p.AbstractLoadPlanBasedEntityLoader - Done entity load : webAppProject.domain.SCI#4
15:57:37.215 [Test worker] DEBUG o.h.engine.internal.TwoPhaseLoad - Done materializing entity [webAppProject.domain.Version#5]
15:57:37.215 [Test worker] DEBUG o.s.orm.jpa.JpaTransactionManager - Initiating transaction commit
15:57:37.215 [Test worker] DEBUG o.s.orm.jpa.JpaTransactionManager - Committing JPA transaction on EntityManager [org.hibernate.jpa.internal.EntityManagerImpl@14f839c5]
15:57:37.215 [Test worker] DEBUG o.h.e.t.spi.AbstractTransactionImpl - committing
15:57:37.215 [Test worker] DEBUG o.h.e.i.AbstractFlushingEventListener - Processing flush-time cascades
15:57:37.215 [Test worker] DEBUG o.h.e.i.AbstractFlushingEventListener - Dirty checking collections
15:57:37.215 [Test worker] DEBUG o.h.e.i.AbstractFlushingEventListener - Flushed: 0 insertions, 0 updates, 1 deletions to 2 objects
15:57:37.215 [Test worker] DEBUG o.h.e.i.AbstractFlushingEventListener - Flushed: 0 (re)creations, 0 updates, 0 removals to 0 collections
15:57:37.215 [Test worker] DEBUG o.h.internal.util.EntityPrinter - Listing entities:
15:57:37.216 [Test worker] DEBUG o.h.internal.util.EntityPrinter - webAppProject.domain.SCI{name=SCI_1, id=4}
15:57:37.216 [Test worker] DEBUG o.h.internal.util.EntityPrinter - webAppProject.domain.Version{sci=webAppProject.domain.SCI#4, description=null, id=5, version=version_2}
15:57:37.216 [Test worker] DEBUG org.hibernate.SQL - delete from version where id=?
15:57:37.219 [Test worker] DEBUG o.h.e.t.i.jdbc.JdbcTransaction - committed JDBC Connection
15:57:37.219 [Test worker] DEBUG o.h.e.t.i.jdbc.JdbcTransaction - re-enabling autocommit
15:57:37.219 [Test worker] DEBUG o.s.orm.jpa.JpaTransactionManager - Closing JPA EntityManager [org.hibernate.jpa.internal.EntityManagerImpl@14f839c5] after transaction
15:57:37.219 [Test worker] DEBUG o.s.o.jpa.EntityManagerFactoryUtils - Closing JPA EntityManager
15:57:37.219 [Test worker] DEBUG o.h.e.j.internal.JdbcCoordinatorImpl - HHH000420: Closing un-released batch
15:57:37.219 [Test worker] DEBUG o.h.e.j.i.LogicalConnectionImpl - Releasing JDBC connection
15:57:37.219 [Test worker] DEBUG o.h.e.j.i.LogicalConnectionImpl - Released JDBC connection
15:57:37.220 [Test worker] DEBUG o.s.orm.jpa.JpaTransactionManager - Creating new transaction with name [org.springframework.data.jpa.repository.support.SimpleJpaRepository.deleteAll]: PROPAGATION_REQUIRED,ISOLATION_DEFAULT; ''
15:57:37.220 [Test worker] DEBUG o.s.orm.jpa.JpaTransactionManager - Opened new EntityManager [org.hibernate.jpa.internal.EntityManagerImpl@66107510] for JPA transaction
15:57:37.220 [Test worker] DEBUG o.h.e.t.spi.AbstractTransactionImpl - begin
15:57:37.220 [Test worker] DEBUG o.h.e.j.i.LogicalConnectionImpl - Obtaining JDBC connection
15:57:37.220 [Test worker] DEBUG o.s.j.d.DriverManagerDataSource - Creating new JDBC DriverManager Connection to [jdbc:mysql://mysql.mcscw3.le.ac.uk:3306/mic7]
15:57:37.229 [Test worker] DEBUG o.h.e.j.i.LogicalConnectionImpl - Obtained JDBC connection
15:57:37.229 [Test worker] DEBUG o.h.e.t.i.jdbc.JdbcTransaction - initial autocommit status: true
15:57:37.229 [Test worker] DEBUG o.h.e.t.i.jdbc.JdbcTransaction - disabling autocommit
15:57:37.229 [Test worker] DEBUG o.s.orm.jpa.JpaTransactionManager - Exposing JPA transaction as JDBC transaction [org.springframework.orm.jpa.vendor.HibernateJpaDialect$HibernateConnectionHandle@1300ea79]
15:57:37.229 [Test worker] DEBUG o.h.jpa.criteria.CriteriaQueryImpl - Rendered criteria query -> select generatedAlias0 from SCI as generatedAlias0
15:57:37.230 [Test worker] DEBUG org.hibernate.SQL - select sci0_.id as id1_2_, sci0_.name as name2_2_ from sci sci0_
15:57:37.230 [Test worker] DEBUG org.hibernate.loader.Loader - Result set row: 0
15:57:37.230 [Test worker] DEBUG org.hibernate.loader.Loader - Result row: EntityKey[webAppProject.domain.SCI#4]
15:57:37.230 [Test worker] DEBUG o.h.engine.internal.TwoPhaseLoad - Resolving associations for [webAppProject.domain.SCI#4]
15:57:37.230 [Test worker] DEBUG o.h.engine.internal.TwoPhaseLoad - Done materializing entity [webAppProject.domain.SCI#4]
15:57:37.231 [Test worker] DEBUG o.s.orm.jpa.JpaTransactionManager - Initiating transaction commit
15:57:37.231 [Test worker] DEBUG o.s.orm.jpa.JpaTransactionManager - Committing JPA transaction on EntityManager [org.hibernate.jpa.internal.EntityManagerImpl@66107510]
15:57:37.231 [Test worker] DEBUG o.h.e.t.spi.AbstractTransactionImpl - committing
15:57:37.231 [Test worker] DEBUG o.h.e.i.AbstractFlushingEventListener - Processing flush-time cascades
15:57:37.231 [Test worker] DEBUG o.h.e.i.AbstractFlushingEventListener - Dirty checking collections
15:57:37.231 [Test worker] DEBUG o.h.e.i.AbstractFlushingEventListener - Flushed: 0 insertions, 0 updates, 1 deletions to 1 objects
15:57:37.231 [Test worker] DEBUG o.h.e.i.AbstractFlushingEventListener - Flushed: 0 (re)creations, 0 updates, 0 removals to 0 collections
15:57:37.231 [Test worker] DEBUG o.h.internal.util.EntityPrinter - Listing entities:
15:57:37.231 [Test worker] DEBUG o.h.internal.util.EntityPrinter - webAppProject.domain.SCI{name=SCI_1, id=4}
15:57:37.231 [Test worker] DEBUG org.hibernate.SQL - delete from sci where id=?
15:57:37.235 [Test worker] DEBUG o.h.e.t.i.jdbc.JdbcTransaction - committed JDBC Connection
15:57:37.235 [Test worker] DEBUG o.h.e.t.i.jdbc.JdbcTransaction - re-enabling autocommit
15:57:37.235 [Test worker] DEBUG o.s.orm.jpa.JpaTransactionManager - Closing JPA EntityManager [org.hibernate.jpa.internal.EntityManagerImpl@66107510] after transaction
15:57:37.235 [Test worker] DEBUG o.s.o.jpa.EntityManagerFactoryUtils - Closing JPA EntityManager
15:57:37.235 [Test worker] DEBUG o.h.e.j.internal.JdbcCoordinatorImpl - HHH000420: Closing un-released batch
15:57:37.235 [Test worker] DEBUG o.h.e.j.i.LogicalConnectionImpl - Releasing JDBC connection
15:57:37.235 [Test worker] DEBUG o.h.e.j.i.LogicalConnectionImpl - Released JDBC connection
15:57:37.235 [Test worker] DEBUG o.s.t.c.s.DirtiesContextTestExecutionListener - After test class: context [DefaultTestContext@12ca9b16 testClass = CompleteRequestSteps, testInstance = [null], testMethod = [null], testException = [null], mergedContextConfiguration = [WebMergedContextConfiguration@479449b6 testClass = CompleteRequestSteps, locations = '{}', classes = '{class webAppProject.webAppProjectApplication, class webAppProject.SecurityConfig, class webAppProject.WebConfig}', contextInitializerClasses = '[]', activeProfiles = '{}', propertySourceLocations = '{}', propertySourceProperties = '{}', resourceBasePath = 'src/main/webapp', contextLoader = 'org.springframework.test.context.web.WebDelegatingSmartContextLoader', parent = [null]]], class annotated with @DirtiesContext [false] with mode [null].

  @controller
  Scenario: request a new feature (controller)            ?[90m# RequestChange.feature:33?[0m
    ?[32mGiven ?[0m?[32ma problem description "?[0m?[32m?[1mNew Feature?[0m?[32m"?[0m             ?[90m# RequestChangeSteps.a_problem_description(String)?[0m
    ?[32mAnd ?[0m?[32ma proposed solution "?[0m?[32m?[1mExtension of Module A?[0m?[32m"?[0m       ?[90m# RequestChangeSteps.a_proposed_solution(String)?[0m
    ?[32mWhen ?[0m?[32mI request a new feature?[0m                          ?[90m# RequestChangeSteps.i_request_a_new_feature()?[0m
    ?[32mThen ?[0m?[32mThe system shows a summary of the change request?[0m ?[90m# RequestChangeSteps.the_system_shows_a_summary_of_the_change_request()?[0m

11 Scenarios (?[32m11 passed?[0m)
49 Steps (?[32m49 passed?[0m)
0m2.712s

]]></system-out>
  <system-err><![CDATA[]]></system-err>
</testsuite>
